<?xml version="1.0" encoding="UTF-8"?>
<coverage generated="1776727457281" clover="3.2.0">
  <project timestamp="1776727457281" name="All files">
    <metrics statements="737" coveredstatements="404" conditionals="37" coveredconditionals="23" methods="331" coveredmethods="12" elements="1105" coveredelements="439" complexity="0" loc="737" ncloc="737" packages="3" files="5" classes="5"/>
    <package name="client.src.lib">
      <metrics statements="5" coveredstatements="1" conditionals="4" coveredconditionals="0" methods="1" coveredmethods="0"/>
      <file name="wip-features.ts" path="/home/runner/workspace/client/src/lib/wip-features.ts">
        <metrics statements="5" coveredstatements="1" conditionals="4" coveredconditionals="0" methods="1" coveredmethods="0"/>
        <line num="3" count="1" type="stmt"/>
        <line num="8" count="0" type="stmt"/>
        <line num="9" count="0" type="cond" truecount="0" falsecount="2"/>
        <line num="10" count="0" type="cond" truecount="0" falsecount="2"/>
        <line num="11" count="0" type="stmt"/>
      </file>
    </package>
    <package name="shared">
      <metrics statements="696" coveredstatements="382" conditionals="0" coveredconditionals="0" methods="314" coveredmethods="0"/>
      <file name="schema.ts" path="/home/runner/workspace/shared/schema.ts">
        <metrics statements="696" coveredstatements="382" conditionals="0" coveredconditionals="0" methods="314" coveredmethods="0"/>
        <line num="6" count="1" type="stmt"/>
        <line num="21" count="1" type="stmt"/>
        <line num="23" count="0" type="stmt"/>
        <line num="29" count="0" type="stmt"/>
        <line num="33" count="1" type="stmt"/>
        <line num="35" count="0" type="stmt"/>
        <line num="42" count="0" type="stmt"/>
        <line num="46" count="1" type="stmt"/>
        <line num="48" count="0" type="stmt"/>
        <line num="60" count="1" type="stmt"/>
        <line num="61" count="1" type="stmt"/>
        <line num="63" count="0" type="stmt"/>
        <line num="64" count="0" type="stmt"/>
        <line num="74" count="0" type="stmt"/>
        <line num="78" count="1" type="stmt"/>
        <line num="80" count="0" type="stmt"/>
        <line num="81" count="0" type="stmt"/>
        <line num="90" count="1" type="stmt"/>
        <line num="92" count="1" type="stmt"/>
        <line num="94" count="0" type="stmt"/>
        <line num="95" count="0" type="stmt"/>
        <line num="101" count="1" type="stmt"/>
        <line num="103" count="0" type="stmt"/>
        <line num="104" count="0" type="stmt"/>
        <line num="110" count="1" type="stmt"/>
        <line num="112" count="0" type="stmt"/>
        <line num="126" count="1" type="stmt"/>
        <line num="128" count="0" type="stmt"/>
        <line num="136" count="1" type="stmt"/>
        <line num="138" count="0" type="stmt"/>
        <line num="142" count="0" type="stmt"/>
        <line num="146" count="1" type="stmt"/>
        <line num="148" count="0" type="stmt"/>
        <line num="157" count="0" type="stmt"/>
        <line num="161" count="1" type="stmt"/>
        <line num="162" count="1" type="stmt"/>
        <line num="169" count="0" type="stmt"/>
        <line num="173" count="1" type="stmt"/>
        <line num="175" count="0" type="stmt"/>
        <line num="186" count="0" type="stmt"/>
        <line num="190" count="1" type="stmt"/>
        <line num="196" count="1" type="stmt"/>
        <line num="197" count="1" type="stmt"/>
        <line num="199" count="0" type="stmt"/>
        <line num="208" count="0" type="stmt"/>
        <line num="212" count="1" type="stmt"/>
        <line num="214" count="0" type="stmt"/>
        <line num="221" count="0" type="stmt"/>
        <line num="225" count="1" type="stmt"/>
        <line num="227" count="0" type="stmt"/>
        <line num="235" count="1" type="stmt"/>
        <line num="241" count="0" type="stmt"/>
        <line num="247" count="1" type="stmt"/>
        <line num="248" count="1" type="stmt"/>
        <line num="250" count="0" type="stmt"/>
        <line num="263" count="1" type="stmt"/>
        <line num="265" count="0" type="stmt"/>
        <line num="279" count="1" type="stmt"/>
        <line num="280" count="1" type="stmt"/>
        <line num="282" count="0" type="stmt"/>
        <line num="293" count="1" type="stmt"/>
        <line num="295" count="0" type="stmt"/>
        <line num="296" count="0" type="stmt"/>
        <line num="306" count="1" type="stmt"/>
        <line num="308" count="0" type="stmt"/>
        <line num="317" count="1" type="stmt"/>
        <line num="319" count="0" type="stmt"/>
        <line num="327" count="1" type="stmt"/>
        <line num="328" count="1" type="stmt"/>
        <line num="330" count="0" type="stmt"/>
        <line num="339" count="1" type="stmt"/>
        <line num="341" count="0" type="stmt"/>
        <line num="348" count="0" type="stmt"/>
        <line num="352" count="1" type="stmt"/>
        <line num="354" count="0" type="stmt"/>
        <line num="355" count="0" type="stmt"/>
        <line num="356" count="0" type="stmt"/>
        <line num="364" count="1" type="stmt"/>
        <line num="365" count="1" type="stmt"/>
        <line num="366" count="1" type="stmt"/>
        <line num="368" count="0" type="stmt"/>
        <line num="381" count="0" type="stmt"/>
        <line num="385" count="1" type="stmt"/>
        <line num="387" count="0" type="stmt"/>
        <line num="388" count="0" type="stmt"/>
        <line num="395" count="0" type="stmt"/>
        <line num="396" count="0" type="stmt"/>
        <line num="402" count="1" type="stmt"/>
        <line num="403" count="1" type="stmt"/>
        <line num="405" count="0" type="stmt"/>
        <line num="414" count="0" type="stmt"/>
        <line num="415" count="0" type="stmt"/>
        <line num="421" count="1" type="stmt"/>
        <line num="423" count="0" type="stmt"/>
        <line num="442" count="1" type="stmt"/>
        <line num="443" count="1" type="stmt"/>
        <line num="444" count="1" type="stmt"/>
        <line num="446" count="0" type="stmt"/>
        <line num="459" count="0" type="stmt"/>
        <line num="463" count="1" type="stmt"/>
        <line num="464" count="1" type="stmt"/>
        <line num="467" count="0" type="stmt"/>
        <line num="468" count="0" type="stmt"/>
        <line num="469" count="0" type="stmt"/>
        <line num="482" count="0" type="stmt"/>
        <line num="486" count="1" type="stmt"/>
        <line num="487" count="1" type="stmt"/>
        <line num="489" count="0" type="stmt"/>
        <line num="492" count="0" type="stmt"/>
        <line num="493" count="0" type="stmt"/>
        <line num="494" count="0" type="stmt"/>
        <line num="506" count="0" type="stmt"/>
        <line num="511" count="1" type="stmt"/>
        <line num="513" count="0" type="stmt"/>
        <line num="521" count="1" type="stmt"/>
        <line num="523" count="1" type="stmt"/>
        <line num="524" count="1" type="stmt"/>
        <line num="526" count="0" type="stmt"/>
        <line num="535" count="1" type="stmt"/>
        <line num="536" count="1" type="stmt"/>
        <line num="538" count="0" type="stmt"/>
        <line num="539" count="0" type="stmt"/>
        <line num="540" count="0" type="stmt"/>
        <line num="550" count="1" type="stmt"/>
        <line num="551" count="1" type="stmt"/>
        <line num="553" count="0" type="stmt"/>
        <line num="554" count="0" type="stmt"/>
        <line num="555" count="0" type="stmt"/>
        <line num="573" count="1" type="stmt"/>
        <line num="574" count="1" type="stmt"/>
        <line num="575" count="1" type="stmt"/>
        <line num="577" count="0" type="stmt"/>
        <line num="578" count="0" type="stmt"/>
        <line num="593" count="1" type="stmt"/>
        <line num="596" count="1" type="stmt"/>
        <line num="597" count="1" type="stmt"/>
        <line num="599" count="0" type="stmt"/>
        <line num="600" count="0" type="stmt"/>
        <line num="601" count="0" type="stmt"/>
        <line num="604" count="0" type="stmt"/>
        <line num="613" count="1" type="stmt"/>
        <line num="615" count="1" type="stmt"/>
        <line num="616" count="1" type="stmt"/>
        <line num="617" count="1" type="stmt"/>
        <line num="619" count="0" type="stmt"/>
        <line num="633" count="1" type="stmt"/>
        <line num="635" count="0" type="stmt"/>
        <line num="642" count="1" type="stmt"/>
        <line num="644" count="0" type="stmt"/>
        <line num="652" count="1" type="stmt"/>
        <line num="653" count="1" type="stmt"/>
        <line num="655" count="0" type="stmt"/>
        <line num="656" count="0" type="stmt"/>
        <line num="665" count="1" type="stmt"/>
        <line num="666" count="1" type="stmt"/>
        <line num="668" count="0" type="stmt"/>
        <line num="669" count="0" type="stmt"/>
        <line num="676" count="1" type="stmt"/>
        <line num="678" count="0" type="stmt"/>
        <line num="695" count="1" type="stmt"/>
        <line num="697" count="0" type="stmt"/>
        <line num="705" count="1" type="stmt"/>
        <line num="707" count="0" type="stmt"/>
        <line num="708" count="0" type="stmt"/>
        <line num="709" count="0" type="stmt"/>
        <line num="712" count="0" type="stmt"/>
        <line num="719" count="1" type="stmt"/>
        <line num="721" count="0" type="stmt"/>
        <line num="722" count="0" type="stmt"/>
        <line num="728" count="1" type="stmt"/>
        <line num="730" count="0" type="stmt"/>
        <line num="741" count="1" type="stmt"/>
        <line num="742" count="1" type="stmt"/>
        <line num="743" count="1" type="stmt"/>
        <line num="745" count="0" type="stmt"/>
        <line num="746" count="0" type="stmt"/>
        <line num="769" count="1" type="stmt"/>
        <line num="771" count="0" type="stmt"/>
        <line num="783" count="1" type="stmt"/>
        <line num="784" count="1" type="stmt"/>
        <line num="786" count="0" type="stmt"/>
        <line num="787" count="0" type="stmt"/>
        <line num="788" count="0" type="stmt"/>
        <line num="792" count="0" type="stmt"/>
        <line num="801" count="1" type="stmt"/>
        <line num="802" count="1" type="stmt"/>
        <line num="804" count="0" type="stmt"/>
        <line num="805" count="0" type="stmt"/>
        <line num="806" count="0" type="stmt"/>
        <line num="817" count="1" type="stmt"/>
        <line num="818" count="1" type="stmt"/>
        <line num="819" count="1" type="stmt"/>
        <line num="821" count="0" type="stmt"/>
        <line num="822" count="0" type="stmt"/>
        <line num="837" count="1" type="stmt"/>
        <line num="838" count="1" type="stmt"/>
        <line num="840" count="0" type="stmt"/>
        <line num="841" count="0" type="stmt"/>
        <line num="853" count="1" type="stmt"/>
        <line num="854" count="1" type="stmt"/>
        <line num="856" count="0" type="stmt"/>
        <line num="860" count="0" type="stmt"/>
        <line num="866" count="0" type="stmt"/>
        <line num="870" count="1" type="stmt"/>
        <line num="871" count="1" type="stmt"/>
        <line num="873" count="0" type="stmt"/>
        <line num="874" count="0" type="stmt"/>
        <line num="875" count="0" type="stmt"/>
        <line num="892" count="1" type="stmt"/>
        <line num="893" count="1" type="stmt"/>
        <line num="895" count="0" type="stmt"/>
        <line num="896" count="0" type="stmt"/>
        <line num="897" count="0" type="stmt"/>
        <line num="910" count="1" type="stmt"/>
        <line num="912" count="0" type="stmt"/>
        <line num="913" count="0" type="stmt"/>
        <line num="914" count="0" type="stmt"/>
        <line num="915" count="0" type="stmt"/>
        <line num="927" count="1" type="stmt"/>
        <line num="929" count="0" type="stmt"/>
        <line num="934" count="1" type="stmt"/>
        <line num="936" count="0" type="stmt"/>
        <line num="943" count="0" type="stmt"/>
        <line num="947" count="1" type="stmt"/>
        <line num="949" count="0" type="stmt"/>
        <line num="962" count="1" type="stmt"/>
        <line num="964" count="0" type="stmt"/>
        <line num="965" count="0" type="stmt"/>
        <line num="968" count="0" type="stmt"/>
        <line num="986" count="1" type="stmt"/>
        <line num="988" count="0" type="stmt"/>
        <line num="994" count="0" type="stmt"/>
        <line num="1003" count="1" type="stmt"/>
        <line num="1006" count="0" type="stmt"/>
        <line num="1007" count="0" type="stmt"/>
        <line num="1018" count="1" type="stmt"/>
        <line num="1020" count="0" type="stmt"/>
        <line num="1021" count="0" type="stmt"/>
        <line num="1022" count="0" type="stmt"/>
        <line num="1030" count="0" type="stmt"/>
        <line num="1034" count="1" type="stmt"/>
        <line num="1036" count="0" type="stmt"/>
        <line num="1053" count="1" type="stmt"/>
        <line num="1055" count="0" type="stmt"/>
        <line num="1063" count="1" type="stmt"/>
        <line num="1065" count="0" type="stmt"/>
        <line num="1074" count="1" type="stmt"/>
        <line num="1076" count="0" type="stmt"/>
        <line num="1077" count="0" type="stmt"/>
        <line num="1080" count="0" type="stmt"/>
        <line num="1084" count="1" type="stmt"/>
        <line num="1085" count="1" type="stmt"/>
        <line num="1086" count="1" type="stmt"/>
        <line num="1088" count="0" type="stmt"/>
        <line num="1089" count="0" type="stmt"/>
        <line num="1090" count="0" type="stmt"/>
        <line num="1094" count="0" type="stmt"/>
        <line num="1105" count="0" type="stmt"/>
        <line num="1109" count="1" type="stmt"/>
        <line num="1111" count="0" type="stmt"/>
        <line num="1112" count="0" type="stmt"/>
        <line num="1113" count="0" type="stmt"/>
        <line num="1121" count="1" type="stmt"/>
        <line num="1122" count="1" type="stmt"/>
        <line num="1123" count="1" type="stmt"/>
        <line num="1125" count="1" type="stmt"/>
        <line num="1127" count="0" type="stmt"/>
        <line num="1128" count="0" type="stmt"/>
        <line num="1144" count="0" type="stmt"/>
        <line num="1148" count="1" type="stmt"/>
        <line num="1150" count="0" type="stmt"/>
        <line num="1151" count="0" type="stmt"/>
        <line num="1152" count="0" type="stmt"/>
        <line num="1173" count="0" type="stmt"/>
        <line num="1174" count="0" type="stmt"/>
        <line num="1175" count="0" type="stmt"/>
        <line num="1180" count="1" type="stmt"/>
        <line num="1182" count="0" type="stmt"/>
        <line num="1197" count="0" type="stmt"/>
        <line num="1201" count="1" type="stmt"/>
        <line num="1203" count="0" type="stmt"/>
        <line num="1212" count="1" type="stmt"/>
        <line num="1213" count="1" type="stmt"/>
        <line num="1215" count="0" type="stmt"/>
        <line num="1216" count="0" type="stmt"/>
        <line num="1217" count="0" type="stmt"/>
        <line num="1226" count="1" type="stmt"/>
        <line num="1234" count="1" type="stmt"/>
        <line num="1235" count="1" type="stmt"/>
        <line num="1237" count="0" type="stmt"/>
        <line num="1238" count="0" type="stmt"/>
        <line num="1239" count="0" type="stmt"/>
        <line num="1240" count="0" type="stmt"/>
        <line num="1262" count="1" type="stmt"/>
        <line num="1263" count="1" type="stmt"/>
        <line num="1265" count="0" type="stmt"/>
        <line num="1266" count="0" type="stmt"/>
        <line num="1267" count="0" type="stmt"/>
        <line num="1268" count="0" type="stmt"/>
        <line num="1269" count="0" type="stmt"/>
        <line num="1288" count="0" type="stmt"/>
        <line num="1292" count="1" type="stmt"/>
        <line num="1293" count="1" type="stmt"/>
        <line num="1294" count="1" type="stmt"/>
        <line num="1295" count="1" type="stmt"/>
        <line num="1297" count="1" type="stmt"/>
        <line num="1299" count="0" type="stmt"/>
        <line num="1300" count="0" type="stmt"/>
        <line num="1313" count="1" type="stmt"/>
        <line num="1314" count="1" type="stmt"/>
        <line num="1315" count="1" type="stmt"/>
        <line num="1317" count="1" type="stmt"/>
        <line num="1319" count="0" type="stmt"/>
        <line num="1320" count="0" type="stmt"/>
        <line num="1321" count="0" type="stmt"/>
        <line num="1336" count="1" type="stmt"/>
        <line num="1338" count="0" type="stmt"/>
        <line num="1339" count="0" type="stmt"/>
        <line num="1340" count="0" type="stmt"/>
        <line num="1341" count="0" type="stmt"/>
        <line num="1342" count="0" type="stmt"/>
        <line num="1352" count="1" type="stmt"/>
        <line num="1353" count="1" type="stmt"/>
        <line num="1355" count="0" type="stmt"/>
        <line num="1356" count="0" type="stmt"/>
        <line num="1357" count="0" type="stmt"/>
        <line num="1376" count="1" type="stmt"/>
        <line num="1377" count="1" type="stmt"/>
        <line num="1379" count="0" type="stmt"/>
        <line num="1402" count="1" type="stmt"/>
        <line num="1403" count="1" type="stmt"/>
        <line num="1405" count="0" type="stmt"/>
        <line num="1406" count="0" type="stmt"/>
        <line num="1407" count="0" type="stmt"/>
        <line num="1422" count="1" type="stmt"/>
        <line num="1423" count="1" type="stmt"/>
        <line num="1425" count="0" type="stmt"/>
        <line num="1438" count="1" type="stmt"/>
        <line num="1440" count="0" type="stmt"/>
        <line num="1441" count="0" type="stmt"/>
        <line num="1442" count="0" type="stmt"/>
        <line num="1456" count="1" type="stmt"/>
        <line num="1457" count="1" type="stmt"/>
        <line num="1459" count="0" type="stmt"/>
        <line num="1461" count="0" type="stmt"/>
        <line num="1474" count="1" type="stmt"/>
        <line num="1476" count="0" type="stmt"/>
        <line num="1484" count="0" type="stmt"/>
        <line num="1489" count="1" type="stmt"/>
        <line num="1492" count="1" type="stmt"/>
        <line num="1493" count="1" type="stmt"/>
        <line num="1496" count="1" type="stmt"/>
        <line num="1498" count="0" type="stmt"/>
        <line num="1499" count="0" type="stmt"/>
        <line num="1517" count="1" type="stmt"/>
        <line num="1520" count="1" type="stmt"/>
        <line num="1521" count="1" type="stmt"/>
        <line num="1522" count="1" type="stmt"/>
        <line num="1524" count="0" type="stmt"/>
        <line num="1525" count="0" type="stmt"/>
        <line num="1526" count="0" type="stmt"/>
        <line num="1527" count="0" type="stmt"/>
        <line num="1543" count="1" type="stmt"/>
        <line num="1546" count="1" type="stmt"/>
        <line num="1547" count="1" type="stmt"/>
        <line num="1549" count="0" type="stmt"/>
        <line num="1550" count="0" type="stmt"/>
        <line num="1553" count="0" type="stmt"/>
        <line num="1554" count="0" type="stmt"/>
        <line num="1561" count="1" type="stmt"/>
        <line num="1564" count="1" type="stmt"/>
        <line num="1566" count="0" type="stmt"/>
        <line num="1576" count="0" type="stmt"/>
        <line num="1581" count="1" type="stmt"/>
        <line num="1583" count="1" type="stmt"/>
        <line num="1584" count="1" type="stmt"/>
        <line num="1586" count="0" type="stmt"/>
        <line num="1588" count="0" type="stmt"/>
        <line num="1604" count="1" type="stmt"/>
        <line num="1605" count="1" type="stmt"/>
        <line num="1606" count="1" type="stmt"/>
        <line num="1613" count="1" type="stmt"/>
        <line num="1623" count="1" type="stmt"/>
        <line num="1625" count="0" type="stmt"/>
        <line num="1634" count="1" type="stmt"/>
        <line num="1636" count="0" type="stmt"/>
        <line num="1637" count="0" type="stmt"/>
        <line num="1651" count="1" type="stmt"/>
        <line num="1653" count="0" type="stmt"/>
        <line num="1662" count="1" type="stmt"/>
        <line num="1663" count="1" type="stmt"/>
        <line num="1664" count="1" type="stmt"/>
        <line num="1666" count="1" type="stmt"/>
        <line num="1678" count="0" type="stmt"/>
        <line num="1679" count="0" type="stmt"/>
        <line num="1680" count="0" type="stmt"/>
        <line num="1686" count="0" type="stmt"/>
        <line num="1690" count="1" type="stmt"/>
        <line num="1692" count="0" type="stmt"/>
        <line num="1700" count="1" type="stmt"/>
        <line num="1711" count="1" type="stmt"/>
        <line num="1724" count="1" type="stmt"/>
        <line num="1726" count="1" type="stmt"/>
        <line num="1728" count="0" type="stmt"/>
        <line num="1741" count="1" type="stmt"/>
        <line num="1742" count="1" type="stmt"/>
        <line num="1743" count="1" type="stmt"/>
        <line num="1744" count="1" type="stmt"/>
        <line num="1745" count="1" type="stmt"/>
        <line num="1746" count="1" type="stmt"/>
        <line num="1747" count="1" type="stmt"/>
        <line num="1748" count="1" type="stmt"/>
        <line num="1749" count="1" type="stmt"/>
        <line num="1750" count="1" type="stmt"/>
        <line num="1751" count="1" type="stmt"/>
        <line num="1752" count="1" type="stmt"/>
        <line num="1753" count="1" type="stmt"/>
        <line num="1754" count="1" type="stmt"/>
        <line num="1755" count="1" type="stmt"/>
        <line num="1756" count="1" type="stmt"/>
        <line num="1760" count="1" type="stmt"/>
        <line num="1763" count="1" type="stmt"/>
        <line num="1764" count="1" type="stmt"/>
        <line num="1765" count="1" type="stmt"/>
        <line num="1766" count="1" type="stmt"/>
        <line num="1767" count="1" type="stmt"/>
        <line num="1768" count="1" type="stmt"/>
        <line num="1769" count="1" type="stmt"/>
        <line num="1770" count="1" type="stmt"/>
        <line num="1771" count="1" type="stmt"/>
        <line num="1772" count="1" type="stmt"/>
        <line num="1773" count="1" type="stmt"/>
        <line num="1774" count="1" type="stmt"/>
        <line num="1775" count="1" type="stmt"/>
        <line num="1776" count="1" type="stmt"/>
        <line num="1777" count="1" type="stmt"/>
        <line num="1778" count="1" type="stmt"/>
        <line num="1779" count="1" type="stmt"/>
        <line num="1780" count="1" type="stmt"/>
        <line num="1781" count="1" type="stmt"/>
        <line num="1782" count="1" type="stmt"/>
        <line num="1783" count="1" type="stmt"/>
        <line num="1784" count="1" type="stmt"/>
        <line num="1785" count="1" type="stmt"/>
        <line num="1786" count="1" type="stmt"/>
        <line num="1787" count="1" type="stmt"/>
        <line num="1788" count="1" type="stmt"/>
        <line num="1789" count="1" type="stmt"/>
        <line num="1790" count="1" type="stmt"/>
        <line num="1791" count="1" type="stmt"/>
        <line num="1792" count="1" type="stmt"/>
        <line num="1793" count="1" type="stmt"/>
        <line num="1794" count="1" type="stmt"/>
        <line num="1795" count="1" type="stmt"/>
        <line num="1796" count="1" type="stmt"/>
        <line num="1797" count="1" type="stmt"/>
        <line num="1798" count="1" type="stmt"/>
        <line num="1799" count="1" type="stmt"/>
        <line num="1800" count="1" type="stmt"/>
        <line num="1801" count="1" type="stmt"/>
        <line num="1802" count="1" type="stmt"/>
        <line num="1803" count="1" type="stmt"/>
        <line num="1804" count="1" type="stmt"/>
        <line num="1805" count="1" type="stmt"/>
        <line num="1806" count="1" type="stmt"/>
        <line num="1807" count="1" type="stmt"/>
        <line num="1808" count="1" type="stmt"/>
        <line num="1809" count="1" type="stmt"/>
        <line num="1820" count="1" type="stmt"/>
        <line num="1833" count="1" type="stmt"/>
        <line num="1834" count="1" type="stmt"/>
        <line num="1835" count="1" type="stmt"/>
        <line num="1836" count="1" type="stmt"/>
        <line num="1848" count="1" type="stmt"/>
        <line num="1855" count="1" type="stmt"/>
        <line num="1863" count="1" type="stmt"/>
        <line num="1868" count="1" type="stmt"/>
        <line num="1873" count="1" type="stmt"/>
        <line num="1878" count="1" type="stmt"/>
        <line num="1886" count="1" type="stmt"/>
        <line num="1891" count="1" type="stmt"/>
        <line num="1896" count="1" type="stmt"/>
        <line num="1897" count="1" type="stmt"/>
        <line num="1898" count="1" type="stmt"/>
        <line num="1899" count="1" type="stmt"/>
        <line num="1900" count="1" type="stmt"/>
        <line num="1901" count="1" type="stmt"/>
        <line num="1902" count="1" type="stmt"/>
        <line num="1905" count="1" type="stmt"/>
        <line num="1906" count="1" type="stmt"/>
        <line num="1907" count="1" type="stmt"/>
        <line num="1908" count="1" type="stmt"/>
        <line num="1909" count="1" type="stmt"/>
        <line num="1910" count="1" type="stmt"/>
        <line num="1990" count="1" type="stmt"/>
        <line num="1991" count="1" type="stmt"/>
        <line num="1992" count="1" type="stmt"/>
        <line num="1993" count="1" type="stmt"/>
        <line num="2093" count="1" type="stmt"/>
        <line num="2095" count="1" type="stmt"/>
        <line num="2097" count="0" type="stmt"/>
        <line num="2103" count="0" type="stmt"/>
        <line num="2109" count="1" type="stmt"/>
        <line num="2113" count="1" type="stmt"/>
        <line num="2115" count="0" type="stmt"/>
        <line num="2116" count="0" type="stmt"/>
        <line num="2117" count="0" type="stmt"/>
        <line num="2129" count="1" type="stmt"/>
        <line num="2134" count="1" type="stmt"/>
        <line num="2135" count="1" type="stmt"/>
        <line num="2137" count="1" type="stmt"/>
        <line num="2139" count="0" type="stmt"/>
        <line num="2152" count="1" type="stmt"/>
        <line num="2216" count="1" type="stmt"/>
        <line num="2218" count="1" type="stmt"/>
        <line num="2220" count="0" type="stmt"/>
        <line num="2231" count="1" type="stmt"/>
        <line num="2235" count="1" type="stmt"/>
        <line num="2237" count="0" type="stmt"/>
        <line num="2238" count="0" type="stmt"/>
        <line num="2245" count="0" type="stmt"/>
        <line num="2251" count="1" type="stmt"/>
        <line num="2256" count="1" type="stmt"/>
        <line num="2257" count="1" type="stmt"/>
        <line num="2259" count="1" type="stmt"/>
        <line num="2261" count="0" type="stmt"/>
        <line num="2275" count="1" type="stmt"/>
        <line num="2280" count="1" type="stmt"/>
        <line num="2282" count="1" type="stmt"/>
        <line num="2284" count="0" type="stmt"/>
        <line num="2289" count="0" type="stmt"/>
        <line num="2298" count="1" type="stmt"/>
        <line num="2303" count="1" type="stmt"/>
        <line num="2305" count="1" type="stmt"/>
        <line num="2307" count="0" type="stmt"/>
        <line num="2308" count="0" type="stmt"/>
        <line num="2309" count="0" type="stmt"/>
        <line num="2326" count="1" type="stmt"/>
        <line num="2332" count="1" type="stmt"/>
        <line num="2333" count="1" type="stmt"/>
        <line num="2334" count="1" type="stmt"/>
        <line num="2335" count="1" type="stmt"/>
        <line num="2337" count="1" type="stmt"/>
        <line num="2339" count="0" type="stmt"/>
        <line num="2340" count="0" type="stmt"/>
        <line num="2363" count="1" type="stmt"/>
        <line num="2368" count="1" type="stmt"/>
        <line num="2370" count="0" type="stmt"/>
        <line num="2377" count="0" type="stmt"/>
        <line num="2382" count="1" type="stmt"/>
        <line num="2387" count="1" type="stmt"/>
        <line num="2388" count="1" type="stmt"/>
        <line num="2390" count="0" type="stmt"/>
        <line num="2392" count="0" type="stmt"/>
        <line num="2393" count="0" type="stmt"/>
        <line num="2398" count="0" type="stmt"/>
        <line num="2402" count="1" type="stmt"/>
        <line num="2407" count="1" type="stmt"/>
        <line num="2409" count="0" type="stmt"/>
        <line num="2410" count="0" type="stmt"/>
        <line num="2411" count="0" type="stmt"/>
        <line num="2412" count="0" type="stmt"/>
        <line num="2417" count="0" type="stmt"/>
        <line num="2418" count="0" type="stmt"/>
        <line num="2421" count="0" type="stmt"/>
        <line num="2424" count="1" type="stmt"/>
        <line num="2429" count="1" type="stmt"/>
        <line num="2431" count="0" type="stmt"/>
        <line num="2432" count="0" type="stmt"/>
        <line num="2433" count="0" type="stmt"/>
        <line num="2434" count="0" type="stmt"/>
        <line num="2439" count="0" type="stmt"/>
        <line num="2442" count="1" type="stmt"/>
        <line num="2447" count="1" type="stmt"/>
        <line num="2449" count="0" type="stmt"/>
        <line num="2450" count="0" type="stmt"/>
        <line num="2451" count="0" type="stmt"/>
        <line num="2457" count="1" type="stmt"/>
        <line num="2465" count="1" type="stmt"/>
        <line num="2467" count="0" type="stmt"/>
        <line num="2480" count="1" type="stmt"/>
        <line num="2482" count="1" type="stmt"/>
        <line num="2484" count="0" type="stmt"/>
        <line num="2485" count="0" type="stmt"/>
        <line num="2494" count="0" type="stmt"/>
        <line num="2498" count="1" type="stmt"/>
        <line num="2502" count="1" type="stmt"/>
        <line num="2504" count="0" type="stmt"/>
        <line num="2515" count="1" type="stmt"/>
        <line num="2517" count="1" type="stmt"/>
        <line num="2519" count="0" type="stmt"/>
        <line num="2520" count="0" type="stmt"/>
        <line num="2521" count="0" type="stmt"/>
        <line num="2535" count="1" type="stmt"/>
        <line num="2545" count="1" type="stmt"/>
        <line num="2551" count="1" type="stmt"/>
        <line num="2555" count="1" type="stmt"/>
        <line num="2557" count="0" type="stmt"/>
        <line num="2571" count="0" type="stmt"/>
        <line num="2577" count="1" type="stmt"/>
        <line num="2579" count="1" type="stmt"/>
        <line num="2589" count="0" type="stmt"/>
        <line num="2599" count="1" type="stmt"/>
        <line num="2600" count="1" type="stmt"/>
        <line num="2601" count="1" type="stmt"/>
        <line num="2602" count="1" type="stmt"/>
        <line num="2603" count="1" type="stmt"/>
        <line num="2604" count="1" type="stmt"/>
        <line num="2605" count="1" type="stmt"/>
        <line num="2608" count="1" type="stmt"/>
        <line num="2610" count="0" type="stmt"/>
        <line num="2624" count="0" type="stmt"/>
        <line num="2630" count="1" type="stmt"/>
        <line num="2633" count="1" type="stmt"/>
        <line num="2635" count="0" type="stmt"/>
        <line num="2648" count="1" type="stmt"/>
        <line num="2651" count="1" type="stmt"/>
        <line num="2653" count="0" type="stmt"/>
        <line num="2665" count="1" type="stmt"/>
        <line num="2668" count="1" type="stmt"/>
        <line num="2670" count="0" type="stmt"/>
        <line num="2680" count="1" type="stmt"/>
        <line num="2683" count="1" type="stmt"/>
        <line num="2685" count="0" type="stmt"/>
        <line num="2686" count="0" type="stmt"/>
        <line num="2689" count="0" type="stmt"/>
        <line num="2690" count="0" type="stmt"/>
        <line num="2698" count="1" type="stmt"/>
        <line num="2701" count="1" type="stmt"/>
        <line num="2703" count="0" type="stmt"/>
        <line num="2704" count="0" type="stmt"/>
        <line num="2705" count="0" type="stmt"/>
        <line num="2706" count="0" type="stmt"/>
        <line num="2724" count="1" type="stmt"/>
        <line num="2728" count="1" type="stmt"/>
        <line num="2730" count="0" type="stmt"/>
        <line num="2745" count="1" type="stmt"/>
        <line num="2747" count="1" type="stmt"/>
        <line num="2749" count="1" type="stmt"/>
        <line num="2751" count="0" type="stmt"/>
        <line num="2752" count="0" type="stmt"/>
        <line num="2753" count="0" type="stmt"/>
        <line num="2758" count="0" type="stmt"/>
        <line num="2765" count="1" type="stmt"/>
        <line num="2767" count="1" type="stmt"/>
        <line num="2769" count="0" type="stmt"/>
        <line num="2770" count="0" type="stmt"/>
        <line num="2779" count="1" type="stmt"/>
        <line num="2783" count="1" type="stmt"/>
        <line num="2787" count="1" type="stmt"/>
        <line num="2791" count="1" type="stmt"/>
        <line num="2795" count="1" type="stmt"/>
        <line num="2816" count="0" type="stmt"/>
        <line num="2822" count="1" type="stmt"/>
        <line num="2824" count="1" type="stmt"/>
        <line num="2828" count="1" type="stmt"/>
        <line num="2831" count="0" type="stmt"/>
        <line num="2842" count="1" type="stmt"/>
        <line num="2844" count="1" type="stmt"/>
        <line num="2848" count="1" type="stmt"/>
        <line num="2852" count="1" type="stmt"/>
        <line num="2854" count="0" type="stmt"/>
        <line num="2855" count="0" type="stmt"/>
        <line num="2869" count="1" type="stmt"/>
        <line num="2871" count="1" type="stmt"/>
        <line num="2873" count="0" type="stmt"/>
        <line num="2874" count="0" type="stmt"/>
        <line num="2886" count="1" type="stmt"/>
        <line num="2888" count="1" type="stmt"/>
        <line num="2892" count="1" type="stmt"/>
        <line num="2899" count="0" type="stmt"/>
        <line num="2909" count="1" type="stmt"/>
        <line num="2913" count="1" type="stmt"/>
        <line num="2917" count="1" type="stmt"/>
        <line num="2919" count="1" type="stmt"/>
        <line num="2921" count="0" type="stmt"/>
        <line num="2922" count="0" type="stmt"/>
        <line num="2923" count="0" type="stmt"/>
        <line num="2924" count="0" type="stmt"/>
        <line num="2941" count="0" type="stmt"/>
        <line num="2942" count="0" type="stmt"/>
        <line num="2951" count="0" type="stmt"/>
        <line num="2957" count="1" type="stmt"/>
        <line num="2961" count="1" type="stmt"/>
        <line num="2963" count="0" type="stmt"/>
        <line num="2975" count="1" type="stmt"/>
        <line num="2977" count="1" type="stmt"/>
        <line num="2981" count="1" type="stmt"/>
        <line num="2985" count="1" type="stmt"/>
        <line num="2987" count="0" type="stmt"/>
        <line num="2988" count="0" type="stmt"/>
        <line num="2989" count="0" type="stmt"/>
        <line num="2993" count="0" type="stmt"/>
        <line num="2994" count="0" type="stmt"/>
        <line num="3000" count="0" type="stmt"/>
        <line num="3007" count="1" type="stmt"/>
      </file>
    </package>
    <package name="tests.utils">
      <metrics statements="36" coveredstatements="21" conditionals="33" coveredconditionals="23" methods="16" coveredmethods="12"/>
      <file name="auth-helpers.ts" path="/home/runner/workspace/tests/utils/auth-helpers.ts">
        <metrics statements="4" coveredstatements="4" conditionals="11" coveredconditionals="11" methods="3" coveredmethods="3"/>
        <line num="14" count="1" type="stmt"/>
        <line num="66" count="6" type="stmt"/>
        <line num="89" count="1" type="stmt"/>
        <line num="107" count="1" type="stmt"/>
      </file>
      <file name="route-guard-helpers.ts" path="/home/runner/workspace/tests/utils/route-guard-helpers.ts">
        <metrics statements="18" coveredstatements="6" conditionals="12" coveredconditionals="4" methods="5" coveredmethods="2"/>
        <line num="25" count="1" type="stmt"/>
        <line num="26" count="1" type="cond" truecount="1" falsecount="1"/>
        <line num="27" count="0" type="stmt"/>
        <line num="29" count="1" type="cond" truecount="1" falsecount="1"/>
        <line num="30" count="0" type="stmt"/>
        <line num="44" count="1" type="stmt"/>
        <line num="45" count="1" type="cond" truecount="1" falsecount="1"/>
        <line num="46" count="0" type="stmt"/>
        <line num="48" count="1" type="cond" truecount="1" falsecount="1"/>
        <line num="49" count="0" type="stmt"/>
        <line num="60" count="0" type="cond" truecount="0" falsecount="2"/>
        <line num="61" count="0" type="stmt"/>
        <line num="71" count="0" type="cond" truecount="0" falsecount="2"/>
        <line num="72" count="0" type="stmt"/>
        <line num="90" count="0" type="stmt"/>
        <line num="91" count="0" type="stmt"/>
        <line num="93" count="0" type="stmt"/>
        <line num="97" count="0" type="stmt"/>
      </file>
      <file name="sidebar-helpers.ts" path="/home/runner/workspace/tests/utils/sidebar-helpers.ts">
        <metrics statements="14" coveredstatements="11" conditionals="10" coveredconditionals="8" methods="8" coveredmethods="7"/>
        <line num="19" count="1" type="stmt"/>
        <line num="60" count="1" type="stmt"/>
        <line num="61" count="28" type="cond" truecount="3" falsecount="0"/>
        <line num="62" count="28" type="stmt"/>
        <line num="64" count="28" type="stmt"/>
        <line num="65" count="28" type="cond" truecount="3" falsecount="0"/>
        <line num="73" count="2" type="stmt"/>
        <line num="74" count="2" type="cond" truecount="1" falsecount="1"/>
        <line num="75" count="0" type="stmt"/>
        <line num="85" count="2" type="stmt"/>
        <line num="86" count="2" type="cond" truecount="1" falsecount="1"/>
        <line num="87" count="0" type="stmt"/>
        <line num="97" count="1" type="stmt"/>
        <line num="110" count="0" type="stmt"/>
      </file>
    </package>
  </project>
</coverage>
