{"/home/runner/workspace/client/src/lib/wip-features.ts": {"path":"/home/runner/workspace/client/src/lib/wip-features.ts","statementMap":{"0":{"start":{"line":3,"column":59},"end":{"line":5,"column":null}},"1":{"start":{"line":8,"column":23},"end":{"line":8,"column":null}},"2":{"start":{"line":9,"column":2},"end":{"line":9,"column":null}},"3":{"start":{"line":9,"column":21},"end":{"line":9,"column":null}},"4":{"start":{"line":10,"column":2},"end":{"line":10,"column":null}},"5":{"start":{"line":10,"column":13},"end":{"line":10,"column":null}},"6":{"start":{"line":11,"column":2},"end":{"line":11,"column":null}}},"fnMap":{"0":{"name":"canAccessWipRoute","decl":{"start":{"line":7,"column":16},"end":{"line":7,"column":34}},"loc":{"start":{"line":7,"column":83},"end":{"line":12,"column":null}},"line":7}},"branchMap":{"0":{"loc":{"start":{"line":9,"column":2},"end":{"line":9,"column":null}},"type":"if","locations":[{"start":{"line":9,"column":2},"end":{"line":9,"column":null}},{"start":{},"end":{}}],"line":9},"1":{"loc":{"start":{"line":10,"column":2},"end":{"line":10,"column":null}},"type":"if","locations":[{"start":{"line":10,"column":2},"end":{"line":10,"column":null}},{"start":{},"end":{}}],"line":10}},"s":{"0":1,"1":0,"2":0,"3":0,"4":0,"5":0,"6":0},"f":{"0":0},"b":{"0":[0,0],"1":[0,0]},"meta":{"lastBranch":2,"lastFunction":1,"lastStatement":7,"seen":{"s:3:59:5:Infinity":0,"f:7:16:7:34":0,"s:8:23:8:Infinity":1,"b:9:2:9:Infinity:undefined:undefined:undefined:undefined":0,"s:9:2:9:Infinity":2,"s:9:21:9:Infinity":3,"b:10:2:10:Infinity:undefined:undefined:undefined:undefined":1,"s:10:2:10:Infinity":4,"s:10:13:10:Infinity":5,"s:11:2:11:Infinity":6}}}
,"/home/runner/workspace/shared/schema.ts": {"path":"/home/runner/workspace/shared/schema.ts","statementMap":{"0":{"start":{"line":6,"column":13},"end":{"line":19,"column":null}},"1":{"start":{"line":21,"column":13},"end":{"line":31,"column":null}},"2":{"start":{"line":23,"column":70},"end":{"line":23,"column":85}},"3":{"start":{"line":29,"column":15},"end":{"line":31,"column":2}},"4":{"start":{"line":33,"column":13},"end":{"line":44,"column":null}},"5":{"start":{"line":35,"column":70},"end":{"line":35,"column":85}},"6":{"start":{"line":42,"column":15},"end":{"line":44,"column":2}},"7":{"start":{"line":46,"column":13},"end":{"line":58,"column":null}},"8":{"start":{"line":48,"column":60},"end":{"line":48,"column":75}},"9":{"start":{"line":60,"column":13},"end":{"line":60,"column":null}},"10":{"start":{"line":61,"column":13},"end":{"line":76,"column":null}},"11":{"start":{"line":63,"column":60},"end":{"line":63,"column":70}},"12":{"start":{"line":64,"column":60},"end":{"line":64,"column":75}},"13":{"start":{"line":74,"column":15},"end":{"line":76,"column":2}},"14":{"start":{"line":78,"column":13},"end":{"line":88,"column":null}},"15":{"start":{"line":80,"column":56},"end":{"line":80,"column":64}},"16":{"start":{"line":81,"column":60},"end":{"line":81,"column":70}},"17":{"start":{"line":90,"column":13},"end":{"line":90,"column":null}},"18":{"start":{"line":92,"column":13},"end":{"line":99,"column":null}},"19":{"start":{"line":94,"column":56},"end":{"line":94,"column":64}},"20":{"start":{"line":95,"column":60},"end":{"line":95,"column":70}},"21":{"start":{"line":101,"column":13},"end":{"line":108,"column":null}},"22":{"start":{"line":103,"column":60},"end":{"line":103,"column":70}},"23":{"start":{"line":104,"column":70},"end":{"line":104,"column":85}},"24":{"start":{"line":110,"column":13},"end":{"line":124,"column":null}},"25":{"start":{"line":112,"column":70},"end":{"line":112,"column":85}},"26":{"start":{"line":126,"column":13},"end":{"line":134,"column":null}},"27":{"start":{"line":128,"column":56},"end":{"line":128,"column":64}},"28":{"start":{"line":136,"column":13},"end":{"line":144,"column":null}},"29":{"start":{"line":138,"column":64},"end":{"line":138,"column":76}},"30":{"start":{"line":142,"column":15},"end":{"line":144,"column":2}},"31":{"start":{"line":146,"column":13},"end":{"line":159,"column":null}},"32":{"start":{"line":148,"column":64},"end":{"line":148,"column":76}},"33":{"start":{"line":157,"column":15},"end":{"line":159,"column":2}},"34":{"start":{"line":161,"column":13},"end":{"line":161,"column":null}},"35":{"start":{"line":162,"column":13},"end":{"line":171,"column":null}},"36":{"start":{"line":169,"column":15},"end":{"line":171,"column":2}},"37":{"start":{"line":173,"column":13},"end":{"line":188,"column":null}},"38":{"start":{"line":175,"column":67},"end":{"line":175,"column":80}},"39":{"start":{"line":186,"column":15},"end":{"line":188,"column":2}},"40":{"start":{"line":190,"column":13},"end":{"line":194,"column":null}},"41":{"start":{"line":196,"column":13},"end":{"line":196,"column":null}},"42":{"start":{"line":197,"column":13},"end":{"line":210,"column":null}},"43":{"start":{"line":199,"column":57},"end":{"line":199,"column":70}},"44":{"start":{"line":208,"column":15},"end":{"line":210,"column":2}},"45":{"start":{"line":212,"column":13},"end":{"line":223,"column":null}},"46":{"start":{"line":214,"column":56},"end":{"line":214,"column":68}},"47":{"start":{"line":221,"column":15},"end":{"line":223,"column":2}},"48":{"start":{"line":225,"column":13},"end":{"line":233,"column":null}},"49":{"start":{"line":227,"column":56},"end":{"line":227,"column":69}},"50":{"start":{"line":235,"column":13},"end":{"line":245,"column":null}},"51":{"start":{"line":241,"column":60},"end":{"line":241,"column":75}},"52":{"start":{"line":247,"column":13},"end":{"line":247,"column":null}},"53":{"start":{"line":248,"column":13},"end":{"line":261,"column":null}},"54":{"start":{"line":250,"column":70},"end":{"line":250,"column":85}},"55":{"start":{"line":263,"column":13},"end":{"line":277,"column":null}},"56":{"start":{"line":265,"column":70},"end":{"line":265,"column":85}},"57":{"start":{"line":279,"column":13},"end":{"line":279,"column":null}},"58":{"start":{"line":280,"column":13},"end":{"line":291,"column":null}},"59":{"start":{"line":282,"column":70},"end":{"line":282,"column":85}},"60":{"start":{"line":293,"column":13},"end":{"line":304,"column":null}},"61":{"start":{"line":295,"column":70},"end":{"line":295,"column":85}},"62":{"start":{"line":296,"column":56},"end":{"line":296,"column":71}},"63":{"start":{"line":306,"column":13},"end":{"line":315,"column":null}},"64":{"start":{"line":308,"column":70},"end":{"line":308,"column":85}},"65":{"start":{"line":317,"column":13},"end":{"line":325,"column":null}},"66":{"start":{"line":319,"column":70},"end":{"line":319,"column":85}},"67":{"start":{"line":327,"column":13},"end":{"line":327,"column":null}},"68":{"start":{"line":328,"column":13},"end":{"line":337,"column":null}},"69":{"start":{"line":330,"column":70},"end":{"line":330,"column":85}},"70":{"start":{"line":339,"column":13},"end":{"line":350,"column":null}},"71":{"start":{"line":341,"column":60},"end":{"line":341,"column":70}},"72":{"start":{"line":348,"column":15},"end":{"line":350,"column":2}},"73":{"start":{"line":352,"column":13},"end":{"line":362,"column":null}},"74":{"start":{"line":354,"column":75},"end":{"line":354,"column":92}},"75":{"start":{"line":355,"column":52},"end":{"line":355,"column":72}},"76":{"start":{"line":356,"column":54},"end":{"line":356,"column":76}},"77":{"start":{"line":364,"column":13},"end":{"line":364,"column":null}},"78":{"start":{"line":365,"column":13},"end":{"line":365,"column":null}},"79":{"start":{"line":366,"column":13},"end":{"line":383,"column":null}},"80":{"start":{"line":368,"column":70},"end":{"line":368,"column":85}},"81":{"start":{"line":381,"column":15},"end":{"line":383,"column":2}},"82":{"start":{"line":385,"column":13},"end":{"line":400,"column":null}},"83":{"start":{"line":387,"column":70},"end":{"line":387,"column":85}},"84":{"start":{"line":388,"column":50},"end":{"line":388,"column":60}},"85":{"start":{"line":395,"column":52},"end":{"line":395,"column":72}},"86":{"start":{"line":396,"column":54},"end":{"line":396,"column":76}},"87":{"start":{"line":402,"column":13},"end":{"line":402,"column":null}},"88":{"start":{"line":403,"column":13},"end":{"line":419,"column":null}},"89":{"start":{"line":405,"column":70},"end":{"line":405,"column":85}},"90":{"start":{"line":414,"column":52},"end":{"line":414,"column":72}},"91":{"start":{"line":415,"column":54},"end":{"line":415,"column":76}},"92":{"start":{"line":421,"column":13},"end":{"line":440,"column":null}},"93":{"start":{"line":423,"column":70},"end":{"line":423,"column":85}},"94":{"start":{"line":442,"column":13},"end":{"line":442,"column":null}},"95":{"start":{"line":443,"column":13},"end":{"line":443,"column":null}},"96":{"start":{"line":444,"column":13},"end":{"line":461,"column":null}},"97":{"start":{"line":446,"column":70},"end":{"line":446,"column":85}},"98":{"start":{"line":459,"column":15},"end":{"line":461,"column":2}},"99":{"start":{"line":463,"column":13},"end":{"line":463,"column":null}},"100":{"start":{"line":464,"column":13},"end":{"line":484,"column":null}},"101":{"start":{"line":467,"column":70},"end":{"line":467,"column":85}},"102":{"start":{"line":468,"column":56},"end":{"line":468,"column":64}},"103":{"start":{"line":469,"column":60},"end":{"line":469,"column":70}},"104":{"start":{"line":482,"column":15},"end":{"line":484,"column":2}},"105":{"start":{"line":486,"column":13},"end":{"line":486,"column":null}},"106":{"start":{"line":487,"column":13},"end":{"line":508,"column":null}},"107":{"start":{"line":489,"column":70},"end":{"line":489,"column":85}},"108":{"start":{"line":492,"column":61},"end":{"line":492,"column":81}},"109":{"start":{"line":493,"column":46},"end":{"line":493,"column":54}},"110":{"start":{"line":494,"column":50},"end":{"line":494,"column":60}},"111":{"start":{"line":506,"column":15},"end":{"line":508,"column":2}},"112":{"start":{"line":511,"column":13},"end":{"line":519,"column":null}},"113":{"start":{"line":513,"column":73},"end":{"line":513,"column":96}},"114":{"start":{"line":521,"column":13},"end":{"line":521,"column":null}},"115":{"start":{"line":523,"column":13},"end":{"line":523,"column":null}},"116":{"start":{"line":524,"column":13},"end":{"line":533,"column":null}},"117":{"start":{"line":526,"column":70},"end":{"line":526,"column":85}},"118":{"start":{"line":535,"column":13},"end":{"line":535,"column":null}},"119":{"start":{"line":536,"column":13},"end":{"line":548,"column":null}},"120":{"start":{"line":538,"column":70},"end":{"line":538,"column":85}},"121":{"start":{"line":539,"column":56},"end":{"line":539,"column":64}},"122":{"start":{"line":540,"column":60},"end":{"line":540,"column":70}},"123":{"start":{"line":550,"column":13},"end":{"line":550,"column":null}},"124":{"start":{"line":551,"column":13},"end":{"line":568,"column":null}},"125":{"start":{"line":553,"column":70},"end":{"line":553,"column":85}},"126":{"start":{"line":554,"column":56},"end":{"line":554,"column":64}},"127":{"start":{"line":555,"column":60},"end":{"line":555,"column":70}},"128":{"start":{"line":573,"column":13},"end":{"line":573,"column":null}},"129":{"start":{"line":574,"column":13},"end":{"line":574,"column":null}},"130":{"start":{"line":575,"column":13},"end":{"line":590,"column":null}},"131":{"start":{"line":577,"column":70},"end":{"line":577,"column":85}},"132":{"start":{"line":578,"column":46},"end":{"line":578,"column":54}},"133":{"start":{"line":593,"column":13},"end":{"line":593,"column":null}},"134":{"start":{"line":596,"column":13},"end":{"line":596,"column":null}},"135":{"start":{"line":597,"column":13},"end":{"line":610,"column":null}},"136":{"start":{"line":599,"column":64},"end":{"line":599,"column":91}},"137":{"start":{"line":600,"column":70},"end":{"line":600,"column":85}},"138":{"start":{"line":601,"column":46},"end":{"line":601,"column":54}},"139":{"start":{"line":604,"column":61},"end":{"line":604,"column":82}},"140":{"start":{"line":613,"column":13},"end":{"line":613,"column":null}},"141":{"start":{"line":615,"column":13},"end":{"line":615,"column":null}},"142":{"start":{"line":616,"column":13},"end":{"line":616,"column":null}},"143":{"start":{"line":617,"column":13},"end":{"line":631,"column":null}},"144":{"start":{"line":619,"column":70},"end":{"line":619,"column":85}},"145":{"start":{"line":633,"column":13},"end":{"line":640,"column":null}},"146":{"start":{"line":635,"column":62},"end":{"line":635,"column":83}},"147":{"start":{"line":642,"column":13},"end":{"line":650,"column":null}},"148":{"start":{"line":644,"column":62},"end":{"line":644,"column":83}},"149":{"start":{"line":652,"column":13},"end":{"line":652,"column":null}},"150":{"start":{"line":653,"column":13},"end":{"line":663,"column":null}},"151":{"start":{"line":655,"column":70},"end":{"line":655,"column":85}},"152":{"start":{"line":656,"column":52},"end":{"line":656,"column":73}},"153":{"start":{"line":665,"column":13},"end":{"line":665,"column":null}},"154":{"start":{"line":666,"column":13},"end":{"line":673,"column":null}},"155":{"start":{"line":668,"column":68},"end":{"line":668,"column":82}},"156":{"start":{"line":669,"column":61},"end":{"line":669,"column":71}},"157":{"start":{"line":676,"column":13},"end":{"line":693,"column":null}},"158":{"start":{"line":678,"column":70},"end":{"line":678,"column":85}},"159":{"start":{"line":695,"column":13},"end":{"line":703,"column":null}},"160":{"start":{"line":697,"column":64},"end":{"line":697,"column":80}},"161":{"start":{"line":705,"column":13},"end":{"line":717,"column":null}},"162":{"start":{"line":707,"column":64},"end":{"line":707,"column":80}},"163":{"start":{"line":708,"column":46},"end":{"line":708,"column":54}},"164":{"start":{"line":709,"column":50},"end":{"line":709,"column":60}},"165":{"start":{"line":712,"column":61},"end":{"line":712,"column":71}},"166":{"start":{"line":719,"column":13},"end":{"line":725,"column":null}},"167":{"start":{"line":721,"column":60},"end":{"line":721,"column":74}},"168":{"start":{"line":722,"column":64},"end":{"line":722,"column":80}},"169":{"start":{"line":728,"column":13},"end":{"line":739,"column":null}},"170":{"start":{"line":730,"column":70},"end":{"line":730,"column":85}},"171":{"start":{"line":741,"column":13},"end":{"line":741,"column":null}},"172":{"start":{"line":742,"column":13},"end":{"line":742,"column":null}},"173":{"start":{"line":743,"column":13},"end":{"line":767,"column":null}},"174":{"start":{"line":745,"column":60},"end":{"line":745,"column":75}},"175":{"start":{"line":746,"column":68},"end":{"line":746,"column":100}},"176":{"start":{"line":769,"column":13},"end":{"line":781,"column":null}},"177":{"start":{"line":771,"column":64},"end":{"line":771,"column":96}},"178":{"start":{"line":783,"column":13},"end":{"line":783,"column":null}},"179":{"start":{"line":784,"column":13},"end":{"line":799,"column":null}},"180":{"start":{"line":786,"column":70},"end":{"line":786,"column":85}},"181":{"start":{"line":787,"column":54},"end":{"line":787,"column":86}},"182":{"start":{"line":788,"column":63},"end":{"line":788,"column":89}},"183":{"start":{"line":792,"column":61},"end":{"line":792,"column":71}},"184":{"start":{"line":801,"column":13},"end":{"line":801,"column":null}},"185":{"start":{"line":802,"column":13},"end":{"line":815,"column":null}},"186":{"start":{"line":804,"column":70},"end":{"line":804,"column":85}},"187":{"start":{"line":805,"column":54},"end":{"line":805,"column":86}},"188":{"start":{"line":806,"column":73},"end":{"line":806,"column":99}},"189":{"start":{"line":817,"column":13},"end":{"line":817,"column":null}},"190":{"start":{"line":818,"column":13},"end":{"line":818,"column":null}},"191":{"start":{"line":819,"column":13},"end":{"line":835,"column":null}},"192":{"start":{"line":821,"column":60},"end":{"line":821,"column":75}},"193":{"start":{"line":822,"column":67},"end":{"line":822,"column":79}},"194":{"start":{"line":837,"column":13},"end":{"line":837,"column":null}},"195":{"start":{"line":838,"column":13},"end":{"line":851,"column":null}},"196":{"start":{"line":840,"column":54},"end":{"line":840,"column":72}},"197":{"start":{"line":841,"column":60},"end":{"line":841,"column":75}},"198":{"start":{"line":853,"column":13},"end":{"line":853,"column":null}},"199":{"start":{"line":854,"column":13},"end":{"line":868,"column":null}},"200":{"start":{"line":856,"column":70},"end":{"line":856,"column":85}},"201":{"start":{"line":860,"column":82},"end":{"line":860,"column":103}},"202":{"start":{"line":866,"column":15},"end":{"line":868,"column":2}},"203":{"start":{"line":870,"column":13},"end":{"line":870,"column":null}},"204":{"start":{"line":871,"column":13},"end":{"line":890,"column":null}},"205":{"start":{"line":873,"column":73},"end":{"line":873,"column":91}},"206":{"start":{"line":874,"column":79},"end":{"line":874,"column":100}},"207":{"start":{"line":875,"column":60},"end":{"line":875,"column":75}},"208":{"start":{"line":892,"column":13},"end":{"line":892,"column":null}},"209":{"start":{"line":893,"column":13},"end":{"line":908,"column":null}},"210":{"start":{"line":895,"column":73},"end":{"line":895,"column":91}},"211":{"start":{"line":896,"column":79},"end":{"line":896,"column":100}},"212":{"start":{"line":897,"column":60},"end":{"line":897,"column":75}},"213":{"start":{"line":910,"column":13},"end":{"line":925,"column":null}},"214":{"start":{"line":912,"column":73},"end":{"line":912,"column":91}},"215":{"start":{"line":913,"column":69},"end":{"line":913,"column":90}},"216":{"start":{"line":914,"column":60},"end":{"line":914,"column":75}},"217":{"start":{"line":915,"column":67},"end":{"line":915,"column":79}},"218":{"start":{"line":927,"column":13},"end":{"line":932,"column":null}},"219":{"start":{"line":929,"column":73},"end":{"line":929,"column":89}},"220":{"start":{"line":934,"column":13},"end":{"line":945,"column":null}},"221":{"start":{"line":936,"column":73},"end":{"line":936,"column":89}},"222":{"start":{"line":943,"column":15},"end":{"line":945,"column":2}},"223":{"start":{"line":947,"column":13},"end":{"line":960,"column":null}},"224":{"start":{"line":949,"column":60},"end":{"line":949,"column":75}},"225":{"start":{"line":962,"column":13},"end":{"line":984,"column":null}},"226":{"start":{"line":964,"column":60},"end":{"line":964,"column":75}},"227":{"start":{"line":965,"column":54},"end":{"line":965,"column":72}},"228":{"start":{"line":968,"column":69},"end":{"line":968,"column":79}},"229":{"start":{"line":986,"column":13},"end":{"line":1001,"column":null}},"230":{"start":{"line":988,"column":60},"end":{"line":988,"column":75}},"231":{"start":{"line":994,"column":69},"end":{"line":994,"column":79}},"232":{"start":{"line":1003,"column":13},"end":{"line":1016,"column":null}},"233":{"start":{"line":1006,"column":60},"end":{"line":1006,"column":75}},"234":{"start":{"line":1007,"column":69},"end":{"line":1007,"column":79}},"235":{"start":{"line":1018,"column":13},"end":{"line":1032,"column":null}},"236":{"start":{"line":1020,"column":73},"end":{"line":1020,"column":88}},"237":{"start":{"line":1021,"column":70},"end":{"line":1021,"column":85}},"238":{"start":{"line":1022,"column":60},"end":{"line":1022,"column":70}},"239":{"start":{"line":1030,"column":15},"end":{"line":1032,"column":2}},"240":{"start":{"line":1034,"column":13},"end":{"line":1051,"column":null}},"241":{"start":{"line":1036,"column":60},"end":{"line":1036,"column":75}},"242":{"start":{"line":1053,"column":13},"end":{"line":1061,"column":null}},"243":{"start":{"line":1055,"column":65},"end":{"line":1055,"column":77}},"244":{"start":{"line":1063,"column":13},"end":{"line":1072,"column":null}},"245":{"start":{"line":1065,"column":60},"end":{"line":1065,"column":75}},"246":{"start":{"line":1074,"column":13},"end":{"line":1082,"column":null}},"247":{"start":{"line":1076,"column":67},"end":{"line":1076,"column":80}},"248":{"start":{"line":1077,"column":70},"end":{"line":1077,"column":85}},"249":{"start":{"line":1080,"column":15},"end":{"line":1082,"column":2}},"250":{"start":{"line":1084,"column":13},"end":{"line":1084,"column":null}},"251":{"start":{"line":1085,"column":13},"end":{"line":1085,"column":null}},"252":{"start":{"line":1086,"column":13},"end":{"line":1107,"column":null}},"253":{"start":{"line":1088,"column":70},"end":{"line":1088,"column":85}},"254":{"start":{"line":1089,"column":60},"end":{"line":1089,"column":70}},"255":{"start":{"line":1090,"column":46},"end":{"line":1090,"column":54}},"256":{"start":{"line":1094,"column":57},"end":{"line":1094,"column":70}},"257":{"start":{"line":1105,"column":15},"end":{"line":1107,"column":2}},"258":{"start":{"line":1109,"column":13},"end":{"line":1119,"column":null}},"259":{"start":{"line":1111,"column":70},"end":{"line":1111,"column":85}},"260":{"start":{"line":1112,"column":60},"end":{"line":1112,"column":70}},"261":{"start":{"line":1113,"column":46},"end":{"line":1113,"column":54}},"262":{"start":{"line":1121,"column":13},"end":{"line":1121,"column":null}},"263":{"start":{"line":1122,"column":13},"end":{"line":1122,"column":null}},"264":{"start":{"line":1123,"column":13},"end":{"line":1123,"column":null}},"265":{"start":{"line":1125,"column":13},"end":{"line":1146,"column":null}},"266":{"start":{"line":1127,"column":70},"end":{"line":1127,"column":85}},"267":{"start":{"line":1128,"column":46},"end":{"line":1128,"column":54}},"268":{"start":{"line":1144,"column":15},"end":{"line":1146,"column":2}},"269":{"start":{"line":1148,"column":13},"end":{"line":1178,"column":null}},"270":{"start":{"line":1150,"column":50},"end":{"line":1150,"column":70}},"271":{"start":{"line":1151,"column":70},"end":{"line":1151,"column":85}},"272":{"start":{"line":1152,"column":56},"end":{"line":1152,"column":64}},"273":{"start":{"line":1173,"column":65},"end":{"line":1173,"column":75}},"274":{"start":{"line":1174,"column":71},"end":{"line":1174,"column":85}},"275":{"start":{"line":1175,"column":71},"end":{"line":1175,"column":84}},"276":{"start":{"line":1180,"column":13},"end":{"line":1199,"column":null}},"277":{"start":{"line":1182,"column":70},"end":{"line":1182,"column":85}},"278":{"start":{"line":1197,"column":15},"end":{"line":1199,"column":2}},"279":{"start":{"line":1201,"column":13},"end":{"line":1210,"column":null}},"280":{"start":{"line":1203,"column":70},"end":{"line":1203,"column":85}},"281":{"start":{"line":1212,"column":13},"end":{"line":1212,"column":null}},"282":{"start":{"line":1213,"column":13},"end":{"line":1224,"column":null}},"283":{"start":{"line":1215,"column":70},"end":{"line":1215,"column":85}},"284":{"start":{"line":1216,"column":73},"end":{"line":1216,"column":88}},"285":{"start":{"line":1217,"column":60},"end":{"line":1217,"column":70}},"286":{"start":{"line":1226,"column":13},"end":{"line":1233,"column":null}},"287":{"start":{"line":1234,"column":13},"end":{"line":1234,"column":null}},"288":{"start":{"line":1235,"column":13},"end":{"line":1260,"column":null}},"289":{"start":{"line":1237,"column":70},"end":{"line":1237,"column":85}},"290":{"start":{"line":1238,"column":46},"end":{"line":1238,"column":54}},"291":{"start":{"line":1239,"column":74},"end":{"line":1239,"column":84}},"292":{"start":{"line":1240,"column":87},"end":{"line":1240,"column":102}},"293":{"start":{"line":1262,"column":13},"end":{"line":1262,"column":null}},"294":{"start":{"line":1263,"column":13},"end":{"line":1290,"column":null}},"295":{"start":{"line":1265,"column":70},"end":{"line":1265,"column":85}},"296":{"start":{"line":1266,"column":75},"end":{"line":1266,"column":97}},"297":{"start":{"line":1267,"column":46},"end":{"line":1267,"column":54}},"298":{"start":{"line":1268,"column":50},"end":{"line":1268,"column":60}},"299":{"start":{"line":1269,"column":65},"end":{"line":1269,"column":82}},"300":{"start":{"line":1288,"column":15},"end":{"line":1290,"column":2}},"301":{"start":{"line":1292,"column":13},"end":{"line":1292,"column":null}},"302":{"start":{"line":1293,"column":13},"end":{"line":1293,"column":null}},"303":{"start":{"line":1294,"column":13},"end":{"line":1294,"column":null}},"304":{"start":{"line":1295,"column":13},"end":{"line":1295,"column":null}},"305":{"start":{"line":1297,"column":13},"end":{"line":1311,"column":null}},"306":{"start":{"line":1299,"column":70},"end":{"line":1299,"column":85}},"307":{"start":{"line":1300,"column":46},"end":{"line":1300,"column":54}},"308":{"start":{"line":1313,"column":13},"end":{"line":1313,"column":null}},"309":{"start":{"line":1314,"column":13},"end":{"line":1314,"column":null}},"310":{"start":{"line":1315,"column":13},"end":{"line":1315,"column":null}},"311":{"start":{"line":1317,"column":13},"end":{"line":1334,"column":null}},"312":{"start":{"line":1319,"column":70},"end":{"line":1319,"column":85}},"313":{"start":{"line":1320,"column":46},"end":{"line":1320,"column":54}},"314":{"start":{"line":1321,"column":50},"end":{"line":1321,"column":60}},"315":{"start":{"line":1336,"column":13},"end":{"line":1350,"column":null}},"316":{"start":{"line":1338,"column":64},"end":{"line":1338,"column":95}},"317":{"start":{"line":1339,"column":70},"end":{"line":1339,"column":85}},"318":{"start":{"line":1340,"column":46},"end":{"line":1340,"column":54}},"319":{"start":{"line":1341,"column":50},"end":{"line":1341,"column":60}},"320":{"start":{"line":1342,"column":57},"end":{"line":1342,"column":70}},"321":{"start":{"line":1352,"column":13},"end":{"line":1352,"column":null}},"322":{"start":{"line":1353,"column":13},"end":{"line":1374,"column":null}},"323":{"start":{"line":1355,"column":70},"end":{"line":1355,"column":85}},"324":{"start":{"line":1356,"column":46},"end":{"line":1356,"column":54}},"325":{"start":{"line":1357,"column":50},"end":{"line":1357,"column":60}},"326":{"start":{"line":1376,"column":13},"end":{"line":1376,"column":null}},"327":{"start":{"line":1377,"column":13},"end":{"line":1398,"column":null}},"328":{"start":{"line":1379,"column":70},"end":{"line":1379,"column":85}},"329":{"start":{"line":1402,"column":13},"end":{"line":1402,"column":null}},"330":{"start":{"line":1403,"column":13},"end":{"line":1418,"column":null}},"331":{"start":{"line":1405,"column":70},"end":{"line":1405,"column":85}},"332":{"start":{"line":1406,"column":46},"end":{"line":1406,"column":54}},"333":{"start":{"line":1407,"column":50},"end":{"line":1407,"column":60}},"334":{"start":{"line":1422,"column":13},"end":{"line":1422,"column":null}},"335":{"start":{"line":1423,"column":13},"end":{"line":1436,"column":null}},"336":{"start":{"line":1425,"column":70},"end":{"line":1425,"column":85}},"337":{"start":{"line":1438,"column":13},"end":{"line":1454,"column":null}},"338":{"start":{"line":1440,"column":54},"end":{"line":1440,"column":78}},"339":{"start":{"line":1441,"column":70},"end":{"line":1441,"column":85}},"340":{"start":{"line":1442,"column":52},"end":{"line":1442,"column":73}},"341":{"start":{"line":1456,"column":13},"end":{"line":1456,"column":null}},"342":{"start":{"line":1457,"column":13},"end":{"line":1469,"column":null}},"343":{"start":{"line":1459,"column":70},"end":{"line":1459,"column":85}},"344":{"start":{"line":1461,"column":54},"end":{"line":1461,"column":72}},"345":{"start":{"line":1474,"column":13},"end":{"line":1486,"column":null}},"346":{"start":{"line":1476,"column":70},"end":{"line":1476,"column":85}},"347":{"start":{"line":1484,"column":15},"end":{"line":1486,"column":2}},"348":{"start":{"line":1489,"column":13},"end":{"line":1489,"column":null}},"349":{"start":{"line":1492,"column":13},"end":{"line":1492,"column":null}},"350":{"start":{"line":1493,"column":13},"end":{"line":1495,"column":null}},"351":{"start":{"line":1496,"column":13},"end":{"line":1514,"column":null}},"352":{"start":{"line":1498,"column":70},"end":{"line":1498,"column":85}},"353":{"start":{"line":1499,"column":60},"end":{"line":1499,"column":70}},"354":{"start":{"line":1517,"column":13},"end":{"line":1517,"column":null}},"355":{"start":{"line":1520,"column":13},"end":{"line":1520,"column":null}},"356":{"start":{"line":1521,"column":13},"end":{"line":1521,"column":null}},"357":{"start":{"line":1522,"column":13},"end":{"line":1540,"column":null}},"358":{"start":{"line":1524,"column":70},"end":{"line":1524,"column":85}},"359":{"start":{"line":1525,"column":56},"end":{"line":1525,"column":64}},"360":{"start":{"line":1526,"column":60},"end":{"line":1526,"column":70}},"361":{"start":{"line":1527,"column":65},"end":{"line":1527,"column":87}},"362":{"start":{"line":1543,"column":13},"end":{"line":1543,"column":null}},"363":{"start":{"line":1546,"column":13},"end":{"line":1546,"column":null}},"364":{"start":{"line":1547,"column":13},"end":{"line":1558,"column":null}},"365":{"start":{"line":1549,"column":68},"end":{"line":1549,"column":89}},"366":{"start":{"line":1550,"column":70},"end":{"line":1550,"column":85}},"367":{"start":{"line":1553,"column":61},"end":{"line":1553,"column":82}},"368":{"start":{"line":1554,"column":75},"end":{"line":1554,"column":97}},"369":{"start":{"line":1561,"column":13},"end":{"line":1561,"column":null}},"370":{"start":{"line":1564,"column":13},"end":{"line":1578,"column":null}},"371":{"start":{"line":1566,"column":70},"end":{"line":1566,"column":85}},"372":{"start":{"line":1576,"column":15},"end":{"line":1578,"column":2}},"373":{"start":{"line":1581,"column":13},"end":{"line":1581,"column":null}},"374":{"start":{"line":1583,"column":13},"end":{"line":1583,"column":null}},"375":{"start":{"line":1584,"column":13},"end":{"line":1600,"column":null}},"376":{"start":{"line":1586,"column":70},"end":{"line":1586,"column":85}},"377":{"start":{"line":1588,"column":54},"end":{"line":1588,"column":67}},"378":{"start":{"line":1604,"column":13},"end":{"line":1604,"column":null}},"379":{"start":{"line":1605,"column":13},"end":{"line":1605,"column":null}},"380":{"start":{"line":1606,"column":13},"end":{"line":1606,"column":null}},"381":{"start":{"line":1613,"column":13},"end":{"line":1621,"column":null}},"382":{"start":{"line":1623,"column":13},"end":{"line":1632,"column":null}},"383":{"start":{"line":1625,"column":62},"end":{"line":1625,"column":80}},"384":{"start":{"line":1634,"column":13},"end":{"line":1649,"column":null}},"385":{"start":{"line":1636,"column":62},"end":{"line":1636,"column":80}},"386":{"start":{"line":1637,"column":68},"end":{"line":1637,"column":89}},"387":{"start":{"line":1651,"column":13},"end":{"line":1660,"column":null}},"388":{"start":{"line":1653,"column":56},"end":{"line":1653,"column":71}},"389":{"start":{"line":1662,"column":13},"end":{"line":1662,"column":null}},"390":{"start":{"line":1663,"column":13},"end":{"line":1663,"column":null}},"391":{"start":{"line":1664,"column":13},"end":{"line":1664,"column":null}},"392":{"start":{"line":1666,"column":13},"end":{"line":1688,"column":null}},"393":{"start":{"line":1678,"column":52},"end":{"line":1678,"column":70}},"394":{"start":{"line":1679,"column":58},"end":{"line":1679,"column":79}},"395":{"start":{"line":1680,"column":46},"end":{"line":1680,"column":61}},"396":{"start":{"line":1686,"column":15},"end":{"line":1688,"column":2}},"397":{"start":{"line":1690,"column":13},"end":{"line":1698,"column":null}},"398":{"start":{"line":1692,"column":79},"end":{"line":1692,"column":98}},"399":{"start":{"line":1700,"column":13},"end":{"line":1709,"column":null}},"400":{"start":{"line":1711,"column":13},"end":{"line":1722,"column":null}},"401":{"start":{"line":1724,"column":13},"end":{"line":1724,"column":null}},"402":{"start":{"line":1726,"column":13},"end":{"line":1739,"column":null}},"403":{"start":{"line":1728,"column":70},"end":{"line":1728,"column":85}},"404":{"start":{"line":1741,"column":13},"end":{"line":1741,"column":null}},"405":{"start":{"line":1742,"column":13},"end":{"line":1742,"column":null}},"406":{"start":{"line":1743,"column":13},"end":{"line":1743,"column":null}},"407":{"start":{"line":1744,"column":13},"end":{"line":1744,"column":null}},"408":{"start":{"line":1745,"column":13},"end":{"line":1745,"column":null}},"409":{"start":{"line":1746,"column":13},"end":{"line":1746,"column":null}},"410":{"start":{"line":1747,"column":13},"end":{"line":1747,"column":null}},"411":{"start":{"line":1748,"column":13},"end":{"line":1748,"column":null}},"412":{"start":{"line":1749,"column":13},"end":{"line":1749,"column":null}},"413":{"start":{"line":1750,"column":13},"end":{"line":1750,"column":null}},"414":{"start":{"line":1751,"column":13},"end":{"line":1751,"column":null}},"415":{"start":{"line":1752,"column":13},"end":{"line":1752,"column":null}},"416":{"start":{"line":1753,"column":13},"end":{"line":1753,"column":null}},"417":{"start":{"line":1754,"column":13},"end":{"line":1754,"column":null}},"418":{"start":{"line":1755,"column":13},"end":{"line":1755,"column":null}},"419":{"start":{"line":1756,"column":13},"end":{"line":1759,"column":null}},"420":{"start":{"line":1760,"column":13},"end":{"line":1762,"column":null}},"421":{"start":{"line":1763,"column":13},"end":{"line":1763,"column":null}},"422":{"start":{"line":1764,"column":13},"end":{"line":1764,"column":null}},"423":{"start":{"line":1765,"column":13},"end":{"line":1765,"column":null}},"424":{"start":{"line":1766,"column":13},"end":{"line":1766,"column":null}},"425":{"start":{"line":1767,"column":13},"end":{"line":1767,"column":null}},"426":{"start":{"line":1768,"column":13},"end":{"line":1768,"column":null}},"427":{"start":{"line":1769,"column":13},"end":{"line":1769,"column":null}},"428":{"start":{"line":1770,"column":13},"end":{"line":1770,"column":null}},"429":{"start":{"line":1771,"column":13},"end":{"line":1771,"column":null}},"430":{"start":{"line":1772,"column":13},"end":{"line":1772,"column":null}},"431":{"start":{"line":1773,"column":13},"end":{"line":1773,"column":null}},"432":{"start":{"line":1774,"column":13},"end":{"line":1774,"column":null}},"433":{"start":{"line":1775,"column":13},"end":{"line":1775,"column":null}},"434":{"start":{"line":1776,"column":13},"end":{"line":1776,"column":null}},"435":{"start":{"line":1777,"column":13},"end":{"line":1777,"column":null}},"436":{"start":{"line":1778,"column":13},"end":{"line":1778,"column":null}},"437":{"start":{"line":1779,"column":13},"end":{"line":1779,"column":null}},"438":{"start":{"line":1780,"column":13},"end":{"line":1780,"column":null}},"439":{"start":{"line":1781,"column":13},"end":{"line":1781,"column":null}},"440":{"start":{"line":1782,"column":13},"end":{"line":1782,"column":null}},"441":{"start":{"line":1783,"column":13},"end":{"line":1783,"column":null}},"442":{"start":{"line":1784,"column":13},"end":{"line":1784,"column":null}},"443":{"start":{"line":1785,"column":13},"end":{"line":1785,"column":null}},"444":{"start":{"line":1786,"column":13},"end":{"line":1786,"column":null}},"445":{"start":{"line":1787,"column":13},"end":{"line":1787,"column":null}},"446":{"start":{"line":1788,"column":13},"end":{"line":1788,"column":null}},"447":{"start":{"line":1789,"column":13},"end":{"line":1789,"column":null}},"448":{"start":{"line":1790,"column":13},"end":{"line":1790,"column":null}},"449":{"start":{"line":1791,"column":13},"end":{"line":1791,"column":null}},"450":{"start":{"line":1792,"column":13},"end":{"line":1792,"column":null}},"451":{"start":{"line":1793,"column":13},"end":{"line":1793,"column":null}},"452":{"start":{"line":1794,"column":13},"end":{"line":1794,"column":null}},"453":{"start":{"line":1795,"column":13},"end":{"line":1795,"column":null}},"454":{"start":{"line":1796,"column":13},"end":{"line":1796,"column":null}},"455":{"start":{"line":1797,"column":13},"end":{"line":1797,"column":null}},"456":{"start":{"line":1798,"column":13},"end":{"line":1798,"column":null}},"457":{"start":{"line":1799,"column":13},"end":{"line":1799,"column":null}},"458":{"start":{"line":1800,"column":13},"end":{"line":1800,"column":null}},"459":{"start":{"line":1801,"column":13},"end":{"line":1801,"column":null}},"460":{"start":{"line":1802,"column":13},"end":{"line":1802,"column":null}},"461":{"start":{"line":1803,"column":13},"end":{"line":1803,"column":null}},"462":{"start":{"line":1804,"column":13},"end":{"line":1804,"column":null}},"463":{"start":{"line":1805,"column":13},"end":{"line":1805,"column":null}},"464":{"start":{"line":1806,"column":13},"end":{"line":1806,"column":null}},"465":{"start":{"line":1807,"column":13},"end":{"line":1807,"column":null}},"466":{"start":{"line":1808,"column":13},"end":{"line":1808,"column":null}},"467":{"start":{"line":1809,"column":13},"end":{"line":1819,"column":null}},"468":{"start":{"line":1820,"column":13},"end":{"line":1832,"column":null}},"469":{"start":{"line":1833,"column":13},"end":{"line":1833,"column":null}},"470":{"start":{"line":1834,"column":13},"end":{"line":1834,"column":null}},"471":{"start":{"line":1835,"column":13},"end":{"line":1835,"column":null}},"472":{"start":{"line":1836,"column":13},"end":{"line":1847,"column":null}},"473":{"start":{"line":1848,"column":13},"end":{"line":1854,"column":null}},"474":{"start":{"line":1855,"column":43},"end":{"line":1862,"column":null}},"475":{"start":{"line":1863,"column":13},"end":{"line":1867,"column":null}},"476":{"start":{"line":1868,"column":13},"end":{"line":1872,"column":null}},"477":{"start":{"line":1873,"column":13},"end":{"line":1877,"column":null}},"478":{"start":{"line":1878,"column":13},"end":{"line":1882,"column":null}},"479":{"start":{"line":1886,"column":13},"end":{"line":1890,"column":null}},"480":{"start":{"line":1891,"column":13},"end":{"line":1895,"column":null}},"481":{"start":{"line":1896,"column":13},"end":{"line":1896,"column":null}},"482":{"start":{"line":1897,"column":13},"end":{"line":1897,"column":null}},"483":{"start":{"line":1898,"column":13},"end":{"line":1898,"column":null}},"484":{"start":{"line":1899,"column":13},"end":{"line":1899,"column":null}},"485":{"start":{"line":1900,"column":13},"end":{"line":1900,"column":null}},"486":{"start":{"line":1901,"column":13},"end":{"line":1901,"column":null}},"487":{"start":{"line":1902,"column":13},"end":{"line":1904,"column":null}},"488":{"start":{"line":1905,"column":13},"end":{"line":1905,"column":null}},"489":{"start":{"line":1906,"column":13},"end":{"line":1906,"column":null}},"490":{"start":{"line":1907,"column":13},"end":{"line":1907,"column":null}},"491":{"start":{"line":1908,"column":13},"end":{"line":1908,"column":null}},"492":{"start":{"line":1909,"column":13},"end":{"line":1909,"column":null}},"493":{"start":{"line":1910,"column":13},"end":{"line":1910,"column":null}},"494":{"start":{"line":1990,"column":13},"end":{"line":1990,"column":null}},"495":{"start":{"line":1991,"column":13},"end":{"line":1991,"column":null}},"496":{"start":{"line":1992,"column":13},"end":{"line":1992,"column":null}},"497":{"start":{"line":1993,"column":13},"end":{"line":1993,"column":null}},"498":{"start":{"line":2093,"column":13},"end":{"line":2093,"column":null}},"499":{"start":{"line":2095,"column":13},"end":{"line":2108,"column":null}},"500":{"start":{"line":2097,"column":70},"end":{"line":2097,"column":85}},"501":{"start":{"line":2103,"column":67},"end":{"line":2103,"column":85}},"502":{"start":{"line":2109,"column":13},"end":{"line":2109,"column":null}},"503":{"start":{"line":2113,"column":13},"end":{"line":2128,"column":null}},"504":{"start":{"line":2115,"column":70},"end":{"line":2115,"column":85}},"505":{"start":{"line":2116,"column":60},"end":{"line":2116,"column":70}},"506":{"start":{"line":2117,"column":56},"end":{"line":2117,"column":64}},"507":{"start":{"line":2129,"column":13},"end":{"line":2129,"column":null}},"508":{"start":{"line":2134,"column":13},"end":{"line":2134,"column":null}},"509":{"start":{"line":2135,"column":13},"end":{"line":2135,"column":null}},"510":{"start":{"line":2137,"column":13},"end":{"line":2151,"column":null}},"511":{"start":{"line":2139,"column":70},"end":{"line":2139,"column":85}},"512":{"start":{"line":2152,"column":13},"end":{"line":2152,"column":null}},"513":{"start":{"line":2216,"column":13},"end":{"line":2216,"column":null}},"514":{"start":{"line":2218,"column":13},"end":{"line":2230,"column":null}},"515":{"start":{"line":2220,"column":70},"end":{"line":2220,"column":85}},"516":{"start":{"line":2231,"column":13},"end":{"line":2231,"column":null}},"517":{"start":{"line":2235,"column":13},"end":{"line":2250,"column":null}},"518":{"start":{"line":2237,"column":60},"end":{"line":2237,"column":83}},"519":{"start":{"line":2238,"column":70},"end":{"line":2238,"column":85}},"520":{"start":{"line":2245,"column":76},"end":{"line":2245,"column":97}},"521":{"start":{"line":2251,"column":13},"end":{"line":2251,"column":null}},"522":{"start":{"line":2256,"column":13},"end":{"line":2256,"column":null}},"523":{"start":{"line":2257,"column":13},"end":{"line":2257,"column":null}},"524":{"start":{"line":2259,"column":13},"end":{"line":2274,"column":null}},"525":{"start":{"line":2261,"column":70},"end":{"line":2261,"column":85}},"526":{"start":{"line":2275,"column":13},"end":{"line":2275,"column":null}},"527":{"start":{"line":2280,"column":13},"end":{"line":2280,"column":null}},"528":{"start":{"line":2282,"column":13},"end":{"line":2297,"column":null}},"529":{"start":{"line":2284,"column":70},"end":{"line":2284,"column":85}},"530":{"start":{"line":2289,"column":50},"end":{"line":2289,"column":73}},"531":{"start":{"line":2298,"column":13},"end":{"line":2298,"column":null}},"532":{"start":{"line":2303,"column":13},"end":{"line":2303,"column":null}},"533":{"start":{"line":2305,"column":13},"end":{"line":2325,"column":null}},"534":{"start":{"line":2307,"column":70},"end":{"line":2307,"column":85}},"535":{"start":{"line":2308,"column":56},"end":{"line":2308,"column":64}},"536":{"start":{"line":2309,"column":60},"end":{"line":2309,"column":70}},"537":{"start":{"line":2326,"column":13},"end":{"line":2326,"column":null}},"538":{"start":{"line":2332,"column":13},"end":{"line":2332,"column":null}},"539":{"start":{"line":2333,"column":13},"end":{"line":2333,"column":null}},"540":{"start":{"line":2334,"column":13},"end":{"line":2334,"column":null}},"541":{"start":{"line":2335,"column":13},"end":{"line":2335,"column":null}},"542":{"start":{"line":2337,"column":13},"end":{"line":2362,"column":null}},"543":{"start":{"line":2339,"column":70},"end":{"line":2339,"column":85}},"544":{"start":{"line":2340,"column":52},"end":{"line":2340,"column":73}},"545":{"start":{"line":2363,"column":13},"end":{"line":2363,"column":null}},"546":{"start":{"line":2368,"column":13},"end":{"line":2381,"column":null}},"547":{"start":{"line":2370,"column":64},"end":{"line":2370,"column":76}},"548":{"start":{"line":2377,"column":74},"end":{"line":2377,"column":84}},"549":{"start":{"line":2382,"column":13},"end":{"line":2382,"column":null}},"550":{"start":{"line":2387,"column":13},"end":{"line":2387,"column":null}},"551":{"start":{"line":2388,"column":13},"end":{"line":2401,"column":null}},"552":{"start":{"line":2390,"column":64},"end":{"line":2390,"column":76}},"553":{"start":{"line":2392,"column":50},"end":{"line":2392,"column":60}},"554":{"start":{"line":2393,"column":46},"end":{"line":2393,"column":54}},"555":{"start":{"line":2398,"column":15},"end":{"line":2401,"column":2}},"556":{"start":{"line":2402,"column":13},"end":{"line":2402,"column":null}},"557":{"start":{"line":2407,"column":13},"end":{"line":2423,"column":null}},"558":{"start":{"line":2409,"column":64},"end":{"line":2409,"column":76}},"559":{"start":{"line":2410,"column":71},"end":{"line":2410,"column":94}},"560":{"start":{"line":2411,"column":50},"end":{"line":2411,"column":60}},"561":{"start":{"line":2412,"column":46},"end":{"line":2412,"column":54}},"562":{"start":{"line":2417,"column":68},"end":{"line":2417,"column":78}},"563":{"start":{"line":2418,"column":64},"end":{"line":2418,"column":72}},"564":{"start":{"line":2421,"column":15},"end":{"line":2423,"column":2}},"565":{"start":{"line":2424,"column":13},"end":{"line":2424,"column":null}},"566":{"start":{"line":2429,"column":13},"end":{"line":2441,"column":null}},"567":{"start":{"line":2431,"column":64},"end":{"line":2431,"column":76}},"568":{"start":{"line":2432,"column":71},"end":{"line":2432,"column":81}},"569":{"start":{"line":2433,"column":57},"end":{"line":2433,"column":65}},"570":{"start":{"line":2434,"column":71},"end":{"line":2434,"column":81}},"571":{"start":{"line":2439,"column":15},"end":{"line":2441,"column":2}},"572":{"start":{"line":2442,"column":13},"end":{"line":2442,"column":null}},"573":{"start":{"line":2447,"column":13},"end":{"line":2456,"column":null}},"574":{"start":{"line":2449,"column":64},"end":{"line":2449,"column":76}},"575":{"start":{"line":2450,"column":61},"end":{"line":2450,"column":71}},"576":{"start":{"line":2451,"column":57},"end":{"line":2451,"column":65}},"577":{"start":{"line":2457,"column":13},"end":{"line":2457,"column":null}},"578":{"start":{"line":2465,"column":13},"end":{"line":2474,"column":null}},"579":{"start":{"line":2467,"column":60},"end":{"line":2467,"column":75}},"580":{"start":{"line":2480,"column":13},"end":{"line":2480,"column":null}},"581":{"start":{"line":2482,"column":13},"end":{"line":2496,"column":null}},"582":{"start":{"line":2484,"column":60},"end":{"line":2484,"column":70}},"583":{"start":{"line":2485,"column":70},"end":{"line":2485,"column":85}},"584":{"start":{"line":2494,"column":15},"end":{"line":2496,"column":2}},"585":{"start":{"line":2498,"column":13},"end":{"line":2498,"column":null}},"586":{"start":{"line":2502,"column":13},"end":{"line":2511,"column":null}},"587":{"start":{"line":2504,"column":60},"end":{"line":2504,"column":70}},"588":{"start":{"line":2515,"column":13},"end":{"line":2515,"column":null}},"589":{"start":{"line":2517,"column":13},"end":{"line":2529,"column":null}},"590":{"start":{"line":2519,"column":67},"end":{"line":2519,"column":80}},"591":{"start":{"line":2520,"column":60},"end":{"line":2520,"column":70}},"592":{"start":{"line":2521,"column":70},"end":{"line":2521,"column":85}},"593":{"start":{"line":2535,"column":13},"end":{"line":2540,"column":null}},"594":{"start":{"line":2545,"column":13},"end":{"line":2547,"column":null}},"595":{"start":{"line":2551,"column":13},"end":{"line":2553,"column":null}},"596":{"start":{"line":2555,"column":13},"end":{"line":2573,"column":null}},"597":{"start":{"line":2557,"column":70},"end":{"line":2557,"column":85}},"598":{"start":{"line":2571,"column":15},"end":{"line":2573,"column":2}},"599":{"start":{"line":2577,"column":13},"end":{"line":2577,"column":null}},"600":{"start":{"line":2579,"column":13},"end":{"line":2591,"column":null}},"601":{"start":{"line":2589,"column":15},"end":{"line":2591,"column":2}},"602":{"start":{"line":2599,"column":13},"end":{"line":2599,"column":null}},"603":{"start":{"line":2600,"column":13},"end":{"line":2600,"column":null}},"604":{"start":{"line":2601,"column":13},"end":{"line":2601,"column":null}},"605":{"start":{"line":2602,"column":13},"end":{"line":2602,"column":null}},"606":{"start":{"line":2603,"column":13},"end":{"line":2603,"column":null}},"607":{"start":{"line":2604,"column":13},"end":{"line":2604,"column":null}},"608":{"start":{"line":2605,"column":13},"end":{"line":2605,"column":null}},"609":{"start":{"line":2608,"column":13},"end":{"line":2627,"column":null}},"610":{"start":{"line":2610,"column":70},"end":{"line":2610,"column":85}},"611":{"start":{"line":2624,"column":15},"end":{"line":2627,"column":2}},"612":{"start":{"line":2630,"column":13},"end":{"line":2630,"column":null}},"613":{"start":{"line":2633,"column":13},"end":{"line":2645,"column":null}},"614":{"start":{"line":2635,"column":70},"end":{"line":2635,"column":85}},"615":{"start":{"line":2648,"column":13},"end":{"line":2648,"column":null}},"616":{"start":{"line":2651,"column":13},"end":{"line":2662,"column":null}},"617":{"start":{"line":2653,"column":70},"end":{"line":2653,"column":85}},"618":{"start":{"line":2665,"column":13},"end":{"line":2665,"column":null}},"619":{"start":{"line":2668,"column":13},"end":{"line":2677,"column":null}},"620":{"start":{"line":2670,"column":70},"end":{"line":2670,"column":85}},"621":{"start":{"line":2680,"column":13},"end":{"line":2680,"column":null}},"622":{"start":{"line":2683,"column":13},"end":{"line":2695,"column":null}},"623":{"start":{"line":2685,"column":58},"end":{"line":2685,"column":73}},"624":{"start":{"line":2686,"column":70},"end":{"line":2686,"column":85}},"625":{"start":{"line":2689,"column":67},"end":{"line":2689,"column":79}},"626":{"start":{"line":2690,"column":59},"end":{"line":2690,"column":67}},"627":{"start":{"line":2698,"column":13},"end":{"line":2698,"column":null}},"628":{"start":{"line":2701,"column":13},"end":{"line":2721,"column":null}},"629":{"start":{"line":2703,"column":70},"end":{"line":2703,"column":85}},"630":{"start":{"line":2704,"column":53},"end":{"line":2704,"column":67}},"631":{"start":{"line":2705,"column":58},"end":{"line":2705,"column":73}},"632":{"start":{"line":2706,"column":85},"end":{"line":2706,"column":100}},"633":{"start":{"line":2724,"column":13},"end":{"line":2724,"column":null}},"634":{"start":{"line":2728,"column":13},"end":{"line":2742,"column":null}},"635":{"start":{"line":2730,"column":70},"end":{"line":2730,"column":85}},"636":{"start":{"line":2745,"column":13},"end":{"line":2745,"column":null}},"637":{"start":{"line":2747,"column":13},"end":{"line":2747,"column":null}},"638":{"start":{"line":2749,"column":13},"end":{"line":2762,"column":null}},"639":{"start":{"line":2751,"column":62},"end":{"line":2751,"column":74}},"640":{"start":{"line":2752,"column":70},"end":{"line":2752,"column":85}},"641":{"start":{"line":2753,"column":60},"end":{"line":2753,"column":70}},"642":{"start":{"line":2758,"column":54},"end":{"line":2758,"column":64}},"643":{"start":{"line":2765,"column":13},"end":{"line":2765,"column":null}},"644":{"start":{"line":2767,"column":13},"end":{"line":2776,"column":null}},"645":{"start":{"line":2769,"column":62},"end":{"line":2769,"column":74}},"646":{"start":{"line":2770,"column":70},"end":{"line":2770,"column":85}},"647":{"start":{"line":2779,"column":13},"end":{"line":2779,"column":null}},"648":{"start":{"line":2783,"column":13},"end":{"line":2785,"column":null}},"649":{"start":{"line":2787,"column":13},"end":{"line":2789,"column":null}},"650":{"start":{"line":2791,"column":13},"end":{"line":2793,"column":null}},"651":{"start":{"line":2795,"column":13},"end":{"line":2818,"column":null}},"652":{"start":{"line":2816,"column":15},"end":{"line":2818,"column":2}},"653":{"start":{"line":2822,"column":13},"end":{"line":2822,"column":null}},"654":{"start":{"line":2824,"column":13},"end":{"line":2826,"column":null}},"655":{"start":{"line":2828,"column":13},"end":{"line":2838,"column":null}},"656":{"start":{"line":2831,"column":60},"end":{"line":2831,"column":75}},"657":{"start":{"line":2842,"column":13},"end":{"line":2842,"column":null}},"658":{"start":{"line":2844,"column":13},"end":{"line":2846,"column":null}},"659":{"start":{"line":2848,"column":13},"end":{"line":2850,"column":null}},"660":{"start":{"line":2852,"column":13},"end":{"line":2865,"column":null}},"661":{"start":{"line":2854,"column":77},"end":{"line":2854,"column":95}},"662":{"start":{"line":2855,"column":61},"end":{"line":2855,"column":75}},"663":{"start":{"line":2869,"column":13},"end":{"line":2869,"column":null}},"664":{"start":{"line":2871,"column":13},"end":{"line":2882,"column":null}},"665":{"start":{"line":2873,"column":87},"end":{"line":2873,"column":110}},"666":{"start":{"line":2874,"column":60},"end":{"line":2874,"column":75}},"667":{"start":{"line":2886,"column":13},"end":{"line":2886,"column":null}},"668":{"start":{"line":2888,"column":13},"end":{"line":2890,"column":null}},"669":{"start":{"line":2892,"column":13},"end":{"line":2905,"column":null}},"670":{"start":{"line":2899,"column":78},"end":{"line":2899,"column":92}},"671":{"start":{"line":2909,"column":13},"end":{"line":2911,"column":null}},"672":{"start":{"line":2913,"column":13},"end":{"line":2915,"column":null}},"673":{"start":{"line":2917,"column":13},"end":{"line":2917,"column":null}},"674":{"start":{"line":2919,"column":13},"end":{"line":2953,"column":null}},"675":{"start":{"line":2921,"column":70},"end":{"line":2921,"column":85}},"676":{"start":{"line":2922,"column":56},"end":{"line":2922,"column":64}},"677":{"start":{"line":2923,"column":60},"end":{"line":2923,"column":70}},"678":{"start":{"line":2924,"column":67},"end":{"line":2924,"column":85}},"679":{"start":{"line":2941,"column":65},"end":{"line":2941,"column":87}},"680":{"start":{"line":2942,"column":73},"end":{"line":2942,"column":94}},"681":{"start":{"line":2951,"column":15},"end":{"line":2953,"column":2}},"682":{"start":{"line":2957,"column":13},"end":{"line":2957,"column":null}},"683":{"start":{"line":2961,"column":13},"end":{"line":2972,"column":null}},"684":{"start":{"line":2963,"column":60},"end":{"line":2963,"column":75}},"685":{"start":{"line":2975,"column":13},"end":{"line":2975,"column":null}},"686":{"start":{"line":2977,"column":13},"end":{"line":2979,"column":null}},"687":{"start":{"line":2981,"column":13},"end":{"line":2983,"column":null}},"688":{"start":{"line":2985,"column":13},"end":{"line":3004,"column":null}},"689":{"start":{"line":2987,"column":70},"end":{"line":2987,"column":85}},"690":{"start":{"line":2988,"column":60},"end":{"line":2988,"column":70}},"691":{"start":{"line":2989,"column":56},"end":{"line":2989,"column":64}},"692":{"start":{"line":2993,"column":58},"end":{"line":2993,"column":83}},"693":{"start":{"line":2994,"column":59},"end":{"line":2994,"column":73}},"694":{"start":{"line":3000,"column":15},"end":{"line":3004,"column":2}},"695":{"start":{"line":3007,"column":13},"end":{"line":3007,"column":null}}},"fnMap":{"0":{"name":"(anonymous_0)","decl":{"start":{"line":23,"column":64},"end":{"line":23,"column":70}},"loc":{"start":{"line":23,"column":70},"end":{"line":23,"column":85}},"line":23},"1":{"name":"(anonymous_1)","decl":{"start":{"line":29,"column":3},"end":{"line":29,"column":4}},"loc":{"start":{"line":29,"column":15},"end":{"line":31,"column":2}},"line":29},"2":{"name":"(anonymous_2)","decl":{"start":{"line":35,"column":64},"end":{"line":35,"column":70}},"loc":{"start":{"line":35,"column":70},"end":{"line":35,"column":85}},"line":35},"3":{"name":"(anonymous_3)","decl":{"start":{"line":42,"column":3},"end":{"line":42,"column":4}},"loc":{"start":{"line":42,"column":15},"end":{"line":44,"column":2}},"line":42},"4":{"name":"(anonymous_4)","decl":{"start":{"line":48,"column":54},"end":{"line":48,"column":60}},"loc":{"start":{"line":48,"column":60},"end":{"line":48,"column":75}},"line":48},"5":{"name":"(anonymous_5)","decl":{"start":{"line":63,"column":54},"end":{"line":63,"column":60}},"loc":{"start":{"line":63,"column":60},"end":{"line":63,"column":70}},"line":63},"6":{"name":"(anonymous_6)","decl":{"start":{"line":64,"column":54},"end":{"line":64,"column":60}},"loc":{"start":{"line":64,"column":60},"end":{"line":64,"column":75}},"line":64},"7":{"name":"(anonymous_7)","decl":{"start":{"line":74,"column":3},"end":{"line":74,"column":4}},"loc":{"start":{"line":74,"column":15},"end":{"line":76,"column":2}},"line":74},"8":{"name":"(anonymous_8)","decl":{"start":{"line":80,"column":50},"end":{"line":80,"column":56}},"loc":{"start":{"line":80,"column":56},"end":{"line":80,"column":64}},"line":80},"9":{"name":"(anonymous_9)","decl":{"start":{"line":81,"column":54},"end":{"line":81,"column":60}},"loc":{"start":{"line":81,"column":60},"end":{"line":81,"column":70}},"line":81},"10":{"name":"(anonymous_10)","decl":{"start":{"line":94,"column":50},"end":{"line":94,"column":56}},"loc":{"start":{"line":94,"column":56},"end":{"line":94,"column":64}},"line":94},"11":{"name":"(anonymous_11)","decl":{"start":{"line":95,"column":54},"end":{"line":95,"column":60}},"loc":{"start":{"line":95,"column":60},"end":{"line":95,"column":70}},"line":95},"12":{"name":"(anonymous_12)","decl":{"start":{"line":103,"column":54},"end":{"line":103,"column":60}},"loc":{"start":{"line":103,"column":60},"end":{"line":103,"column":70}},"line":103},"13":{"name":"(anonymous_13)","decl":{"start":{"line":104,"column":64},"end":{"line":104,"column":70}},"loc":{"start":{"line":104,"column":70},"end":{"line":104,"column":85}},"line":104},"14":{"name":"(anonymous_14)","decl":{"start":{"line":112,"column":64},"end":{"line":112,"column":70}},"loc":{"start":{"line":112,"column":70},"end":{"line":112,"column":85}},"line":112},"15":{"name":"(anonymous_15)","decl":{"start":{"line":128,"column":50},"end":{"line":128,"column":56}},"loc":{"start":{"line":128,"column":56},"end":{"line":128,"column":64}},"line":128},"16":{"name":"(anonymous_16)","decl":{"start":{"line":138,"column":58},"end":{"line":138,"column":64}},"loc":{"start":{"line":138,"column":64},"end":{"line":138,"column":76}},"line":138},"17":{"name":"(anonymous_17)","decl":{"start":{"line":142,"column":3},"end":{"line":142,"column":4}},"loc":{"start":{"line":142,"column":15},"end":{"line":144,"column":2}},"line":142},"18":{"name":"(anonymous_18)","decl":{"start":{"line":148,"column":58},"end":{"line":148,"column":64}},"loc":{"start":{"line":148,"column":64},"end":{"line":148,"column":76}},"line":148},"19":{"name":"(anonymous_19)","decl":{"start":{"line":157,"column":3},"end":{"line":157,"column":4}},"loc":{"start":{"line":157,"column":15},"end":{"line":159,"column":2}},"line":157},"20":{"name":"(anonymous_20)","decl":{"start":{"line":169,"column":3},"end":{"line":169,"column":4}},"loc":{"start":{"line":169,"column":15},"end":{"line":171,"column":2}},"line":169},"21":{"name":"(anonymous_21)","decl":{"start":{"line":175,"column":61},"end":{"line":175,"column":67}},"loc":{"start":{"line":175,"column":67},"end":{"line":175,"column":80}},"line":175},"22":{"name":"(anonymous_22)","decl":{"start":{"line":186,"column":3},"end":{"line":186,"column":4}},"loc":{"start":{"line":186,"column":15},"end":{"line":188,"column":2}},"line":186},"23":{"name":"(anonymous_23)","decl":{"start":{"line":199,"column":51},"end":{"line":199,"column":57}},"loc":{"start":{"line":199,"column":57},"end":{"line":199,"column":70}},"line":199},"24":{"name":"(anonymous_24)","decl":{"start":{"line":208,"column":3},"end":{"line":208,"column":4}},"loc":{"start":{"line":208,"column":15},"end":{"line":210,"column":2}},"line":208},"25":{"name":"(anonymous_25)","decl":{"start":{"line":214,"column":50},"end":{"line":214,"column":56}},"loc":{"start":{"line":214,"column":56},"end":{"line":214,"column":68}},"line":214},"26":{"name":"(anonymous_26)","decl":{"start":{"line":221,"column":3},"end":{"line":221,"column":4}},"loc":{"start":{"line":221,"column":15},"end":{"line":223,"column":2}},"line":221},"27":{"name":"(anonymous_27)","decl":{"start":{"line":227,"column":50},"end":{"line":227,"column":56}},"loc":{"start":{"line":227,"column":56},"end":{"line":227,"column":69}},"line":227},"28":{"name":"(anonymous_28)","decl":{"start":{"line":241,"column":54},"end":{"line":241,"column":60}},"loc":{"start":{"line":241,"column":60},"end":{"line":241,"column":75}},"line":241},"29":{"name":"(anonymous_29)","decl":{"start":{"line":250,"column":64},"end":{"line":250,"column":70}},"loc":{"start":{"line":250,"column":70},"end":{"line":250,"column":85}},"line":250},"30":{"name":"(anonymous_30)","decl":{"start":{"line":265,"column":64},"end":{"line":265,"column":70}},"loc":{"start":{"line":265,"column":70},"end":{"line":265,"column":85}},"line":265},"31":{"name":"(anonymous_31)","decl":{"start":{"line":282,"column":64},"end":{"line":282,"column":70}},"loc":{"start":{"line":282,"column":70},"end":{"line":282,"column":85}},"line":282},"32":{"name":"(anonymous_32)","decl":{"start":{"line":295,"column":64},"end":{"line":295,"column":70}},"loc":{"start":{"line":295,"column":70},"end":{"line":295,"column":85}},"line":295},"33":{"name":"(anonymous_33)","decl":{"start":{"line":296,"column":50},"end":{"line":296,"column":56}},"loc":{"start":{"line":296,"column":56},"end":{"line":296,"column":71}},"line":296},"34":{"name":"(anonymous_34)","decl":{"start":{"line":308,"column":64},"end":{"line":308,"column":70}},"loc":{"start":{"line":308,"column":70},"end":{"line":308,"column":85}},"line":308},"35":{"name":"(anonymous_35)","decl":{"start":{"line":319,"column":64},"end":{"line":319,"column":70}},"loc":{"start":{"line":319,"column":70},"end":{"line":319,"column":85}},"line":319},"36":{"name":"(anonymous_36)","decl":{"start":{"line":330,"column":64},"end":{"line":330,"column":70}},"loc":{"start":{"line":330,"column":70},"end":{"line":330,"column":85}},"line":330},"37":{"name":"(anonymous_37)","decl":{"start":{"line":341,"column":54},"end":{"line":341,"column":60}},"loc":{"start":{"line":341,"column":60},"end":{"line":341,"column":70}},"line":341},"38":{"name":"(anonymous_38)","decl":{"start":{"line":348,"column":3},"end":{"line":348,"column":4}},"loc":{"start":{"line":348,"column":15},"end":{"line":350,"column":2}},"line":348},"39":{"name":"(anonymous_39)","decl":{"start":{"line":354,"column":69},"end":{"line":354,"column":75}},"loc":{"start":{"line":354,"column":75},"end":{"line":354,"column":92}},"line":354},"40":{"name":"(anonymous_40)","decl":{"start":{"line":355,"column":46},"end":{"line":355,"column":52}},"loc":{"start":{"line":355,"column":52},"end":{"line":355,"column":72}},"line":355},"41":{"name":"(anonymous_41)","decl":{"start":{"line":356,"column":48},"end":{"line":356,"column":54}},"loc":{"start":{"line":356,"column":54},"end":{"line":356,"column":76}},"line":356},"42":{"name":"(anonymous_42)","decl":{"start":{"line":368,"column":64},"end":{"line":368,"column":70}},"loc":{"start":{"line":368,"column":70},"end":{"line":368,"column":85}},"line":368},"43":{"name":"(anonymous_43)","decl":{"start":{"line":381,"column":3},"end":{"line":381,"column":4}},"loc":{"start":{"line":381,"column":15},"end":{"line":383,"column":2}},"line":381},"44":{"name":"(anonymous_44)","decl":{"start":{"line":387,"column":64},"end":{"line":387,"column":70}},"loc":{"start":{"line":387,"column":70},"end":{"line":387,"column":85}},"line":387},"45":{"name":"(anonymous_45)","decl":{"start":{"line":388,"column":44},"end":{"line":388,"column":50}},"loc":{"start":{"line":388,"column":50},"end":{"line":388,"column":60}},"line":388},"46":{"name":"(anonymous_46)","decl":{"start":{"line":395,"column":46},"end":{"line":395,"column":52}},"loc":{"start":{"line":395,"column":52},"end":{"line":395,"column":72}},"line":395},"47":{"name":"(anonymous_47)","decl":{"start":{"line":396,"column":48},"end":{"line":396,"column":54}},"loc":{"start":{"line":396,"column":54},"end":{"line":396,"column":76}},"line":396},"48":{"name":"(anonymous_48)","decl":{"start":{"line":405,"column":64},"end":{"line":405,"column":70}},"loc":{"start":{"line":405,"column":70},"end":{"line":405,"column":85}},"line":405},"49":{"name":"(anonymous_49)","decl":{"start":{"line":414,"column":46},"end":{"line":414,"column":52}},"loc":{"start":{"line":414,"column":52},"end":{"line":414,"column":72}},"line":414},"50":{"name":"(anonymous_50)","decl":{"start":{"line":415,"column":48},"end":{"line":415,"column":54}},"loc":{"start":{"line":415,"column":54},"end":{"line":415,"column":76}},"line":415},"51":{"name":"(anonymous_51)","decl":{"start":{"line":423,"column":64},"end":{"line":423,"column":70}},"loc":{"start":{"line":423,"column":70},"end":{"line":423,"column":85}},"line":423},"52":{"name":"(anonymous_52)","decl":{"start":{"line":446,"column":64},"end":{"line":446,"column":70}},"loc":{"start":{"line":446,"column":70},"end":{"line":446,"column":85}},"line":446},"53":{"name":"(anonymous_53)","decl":{"start":{"line":459,"column":3},"end":{"line":459,"column":4}},"loc":{"start":{"line":459,"column":15},"end":{"line":461,"column":2}},"line":459},"54":{"name":"(anonymous_54)","decl":{"start":{"line":467,"column":64},"end":{"line":467,"column":70}},"loc":{"start":{"line":467,"column":70},"end":{"line":467,"column":85}},"line":467},"55":{"name":"(anonymous_55)","decl":{"start":{"line":468,"column":50},"end":{"line":468,"column":56}},"loc":{"start":{"line":468,"column":56},"end":{"line":468,"column":64}},"line":468},"56":{"name":"(anonymous_56)","decl":{"start":{"line":469,"column":54},"end":{"line":469,"column":60}},"loc":{"start":{"line":469,"column":60},"end":{"line":469,"column":70}},"line":469},"57":{"name":"(anonymous_57)","decl":{"start":{"line":482,"column":3},"end":{"line":482,"column":4}},"loc":{"start":{"line":482,"column":15},"end":{"line":484,"column":2}},"line":482},"58":{"name":"(anonymous_58)","decl":{"start":{"line":489,"column":64},"end":{"line":489,"column":70}},"loc":{"start":{"line":489,"column":70},"end":{"line":489,"column":85}},"line":489},"59":{"name":"(anonymous_59)","decl":{"start":{"line":492,"column":55},"end":{"line":492,"column":61}},"loc":{"start":{"line":492,"column":61},"end":{"line":492,"column":81}},"line":492},"60":{"name":"(anonymous_60)","decl":{"start":{"line":493,"column":40},"end":{"line":493,"column":46}},"loc":{"start":{"line":493,"column":46},"end":{"line":493,"column":54}},"line":493},"61":{"name":"(anonymous_61)","decl":{"start":{"line":494,"column":44},"end":{"line":494,"column":50}},"loc":{"start":{"line":494,"column":50},"end":{"line":494,"column":60}},"line":494},"62":{"name":"(anonymous_62)","decl":{"start":{"line":506,"column":3},"end":{"line":506,"column":4}},"loc":{"start":{"line":506,"column":15},"end":{"line":508,"column":2}},"line":506},"63":{"name":"(anonymous_63)","decl":{"start":{"line":513,"column":67},"end":{"line":513,"column":73}},"loc":{"start":{"line":513,"column":73},"end":{"line":513,"column":96}},"line":513},"64":{"name":"(anonymous_64)","decl":{"start":{"line":526,"column":64},"end":{"line":526,"column":70}},"loc":{"start":{"line":526,"column":70},"end":{"line":526,"column":85}},"line":526},"65":{"name":"(anonymous_65)","decl":{"start":{"line":538,"column":64},"end":{"line":538,"column":70}},"loc":{"start":{"line":538,"column":70},"end":{"line":538,"column":85}},"line":538},"66":{"name":"(anonymous_66)","decl":{"start":{"line":539,"column":50},"end":{"line":539,"column":56}},"loc":{"start":{"line":539,"column":56},"end":{"line":539,"column":64}},"line":539},"67":{"name":"(anonymous_67)","decl":{"start":{"line":540,"column":54},"end":{"line":540,"column":60}},"loc":{"start":{"line":540,"column":60},"end":{"line":540,"column":70}},"line":540},"68":{"name":"(anonymous_68)","decl":{"start":{"line":553,"column":64},"end":{"line":553,"column":70}},"loc":{"start":{"line":553,"column":70},"end":{"line":553,"column":85}},"line":553},"69":{"name":"(anonymous_69)","decl":{"start":{"line":554,"column":50},"end":{"line":554,"column":56}},"loc":{"start":{"line":554,"column":56},"end":{"line":554,"column":64}},"line":554},"70":{"name":"(anonymous_70)","decl":{"start":{"line":555,"column":54},"end":{"line":555,"column":60}},"loc":{"start":{"line":555,"column":60},"end":{"line":555,"column":70}},"line":555},"71":{"name":"(anonymous_71)","decl":{"start":{"line":577,"column":64},"end":{"line":577,"column":70}},"loc":{"start":{"line":577,"column":70},"end":{"line":577,"column":85}},"line":577},"72":{"name":"(anonymous_72)","decl":{"start":{"line":578,"column":40},"end":{"line":578,"column":46}},"loc":{"start":{"line":578,"column":46},"end":{"line":578,"column":54}},"line":578},"73":{"name":"(anonymous_73)","decl":{"start":{"line":599,"column":58},"end":{"line":599,"column":64}},"loc":{"start":{"line":599,"column":64},"end":{"line":599,"column":91}},"line":599},"74":{"name":"(anonymous_74)","decl":{"start":{"line":600,"column":64},"end":{"line":600,"column":70}},"loc":{"start":{"line":600,"column":70},"end":{"line":600,"column":85}},"line":600},"75":{"name":"(anonymous_75)","decl":{"start":{"line":601,"column":40},"end":{"line":601,"column":46}},"loc":{"start":{"line":601,"column":46},"end":{"line":601,"column":54}},"line":601},"76":{"name":"(anonymous_76)","decl":{"start":{"line":604,"column":55},"end":{"line":604,"column":61}},"loc":{"start":{"line":604,"column":61},"end":{"line":604,"column":82}},"line":604},"77":{"name":"(anonymous_77)","decl":{"start":{"line":619,"column":64},"end":{"line":619,"column":70}},"loc":{"start":{"line":619,"column":70},"end":{"line":619,"column":85}},"line":619},"78":{"name":"(anonymous_78)","decl":{"start":{"line":635,"column":56},"end":{"line":635,"column":62}},"loc":{"start":{"line":635,"column":62},"end":{"line":635,"column":83}},"line":635},"79":{"name":"(anonymous_79)","decl":{"start":{"line":644,"column":56},"end":{"line":644,"column":62}},"loc":{"start":{"line":644,"column":62},"end":{"line":644,"column":83}},"line":644},"80":{"name":"(anonymous_80)","decl":{"start":{"line":655,"column":64},"end":{"line":655,"column":70}},"loc":{"start":{"line":655,"column":70},"end":{"line":655,"column":85}},"line":655},"81":{"name":"(anonymous_81)","decl":{"start":{"line":656,"column":46},"end":{"line":656,"column":52}},"loc":{"start":{"line":656,"column":52},"end":{"line":656,"column":73}},"line":656},"82":{"name":"(anonymous_82)","decl":{"start":{"line":668,"column":62},"end":{"line":668,"column":68}},"loc":{"start":{"line":668,"column":68},"end":{"line":668,"column":82}},"line":668},"83":{"name":"(anonymous_83)","decl":{"start":{"line":669,"column":55},"end":{"line":669,"column":61}},"loc":{"start":{"line":669,"column":61},"end":{"line":669,"column":71}},"line":669},"84":{"name":"(anonymous_84)","decl":{"start":{"line":678,"column":64},"end":{"line":678,"column":70}},"loc":{"start":{"line":678,"column":70},"end":{"line":678,"column":85}},"line":678},"85":{"name":"(anonymous_85)","decl":{"start":{"line":697,"column":58},"end":{"line":697,"column":64}},"loc":{"start":{"line":697,"column":64},"end":{"line":697,"column":80}},"line":697},"86":{"name":"(anonymous_86)","decl":{"start":{"line":707,"column":58},"end":{"line":707,"column":64}},"loc":{"start":{"line":707,"column":64},"end":{"line":707,"column":80}},"line":707},"87":{"name":"(anonymous_87)","decl":{"start":{"line":708,"column":40},"end":{"line":708,"column":46}},"loc":{"start":{"line":708,"column":46},"end":{"line":708,"column":54}},"line":708},"88":{"name":"(anonymous_88)","decl":{"start":{"line":709,"column":44},"end":{"line":709,"column":50}},"loc":{"start":{"line":709,"column":50},"end":{"line":709,"column":60}},"line":709},"89":{"name":"(anonymous_89)","decl":{"start":{"line":712,"column":55},"end":{"line":712,"column":61}},"loc":{"start":{"line":712,"column":61},"end":{"line":712,"column":71}},"line":712},"90":{"name":"(anonymous_90)","decl":{"start":{"line":721,"column":54},"end":{"line":721,"column":60}},"loc":{"start":{"line":721,"column":60},"end":{"line":721,"column":74}},"line":721},"91":{"name":"(anonymous_91)","decl":{"start":{"line":722,"column":58},"end":{"line":722,"column":64}},"loc":{"start":{"line":722,"column":64},"end":{"line":722,"column":80}},"line":722},"92":{"name":"(anonymous_92)","decl":{"start":{"line":730,"column":64},"end":{"line":730,"column":70}},"loc":{"start":{"line":730,"column":70},"end":{"line":730,"column":85}},"line":730},"93":{"name":"(anonymous_93)","decl":{"start":{"line":745,"column":54},"end":{"line":745,"column":60}},"loc":{"start":{"line":745,"column":60},"end":{"line":745,"column":75}},"line":745},"94":{"name":"(anonymous_94)","decl":{"start":{"line":746,"column":57},"end":{"line":746,"column":68}},"loc":{"start":{"line":746,"column":68},"end":{"line":746,"column":100}},"line":746},"95":{"name":"(anonymous_95)","decl":{"start":{"line":771,"column":58},"end":{"line":771,"column":64}},"loc":{"start":{"line":771,"column":64},"end":{"line":771,"column":96}},"line":771},"96":{"name":"(anonymous_96)","decl":{"start":{"line":786,"column":64},"end":{"line":786,"column":70}},"loc":{"start":{"line":786,"column":70},"end":{"line":786,"column":85}},"line":786},"97":{"name":"(anonymous_97)","decl":{"start":{"line":787,"column":48},"end":{"line":787,"column":54}},"loc":{"start":{"line":787,"column":54},"end":{"line":787,"column":86}},"line":787},"98":{"name":"(anonymous_98)","decl":{"start":{"line":788,"column":57},"end":{"line":788,"column":63}},"loc":{"start":{"line":788,"column":63},"end":{"line":788,"column":89}},"line":788},"99":{"name":"(anonymous_99)","decl":{"start":{"line":792,"column":55},"end":{"line":792,"column":61}},"loc":{"start":{"line":792,"column":61},"end":{"line":792,"column":71}},"line":792},"100":{"name":"(anonymous_100)","decl":{"start":{"line":804,"column":64},"end":{"line":804,"column":70}},"loc":{"start":{"line":804,"column":70},"end":{"line":804,"column":85}},"line":804},"101":{"name":"(anonymous_101)","decl":{"start":{"line":805,"column":48},"end":{"line":805,"column":54}},"loc":{"start":{"line":805,"column":54},"end":{"line":805,"column":86}},"line":805},"102":{"name":"(anonymous_102)","decl":{"start":{"line":806,"column":67},"end":{"line":806,"column":73}},"loc":{"start":{"line":806,"column":73},"end":{"line":806,"column":99}},"line":806},"103":{"name":"(anonymous_103)","decl":{"start":{"line":821,"column":54},"end":{"line":821,"column":60}},"loc":{"start":{"line":821,"column":60},"end":{"line":821,"column":75}},"line":821},"104":{"name":"(anonymous_104)","decl":{"start":{"line":822,"column":61},"end":{"line":822,"column":67}},"loc":{"start":{"line":822,"column":67},"end":{"line":822,"column":79}},"line":822},"105":{"name":"(anonymous_105)","decl":{"start":{"line":840,"column":48},"end":{"line":840,"column":54}},"loc":{"start":{"line":840,"column":54},"end":{"line":840,"column":72}},"line":840},"106":{"name":"(anonymous_106)","decl":{"start":{"line":841,"column":54},"end":{"line":841,"column":60}},"loc":{"start":{"line":841,"column":60},"end":{"line":841,"column":75}},"line":841},"107":{"name":"(anonymous_107)","decl":{"start":{"line":856,"column":64},"end":{"line":856,"column":70}},"loc":{"start":{"line":856,"column":70},"end":{"line":856,"column":85}},"line":856},"108":{"name":"(anonymous_108)","decl":{"start":{"line":860,"column":76},"end":{"line":860,"column":82}},"loc":{"start":{"line":860,"column":82},"end":{"line":860,"column":103}},"line":860},"109":{"name":"(anonymous_109)","decl":{"start":{"line":866,"column":3},"end":{"line":866,"column":4}},"loc":{"start":{"line":866,"column":15},"end":{"line":868,"column":2}},"line":866},"110":{"name":"(anonymous_110)","decl":{"start":{"line":873,"column":67},"end":{"line":873,"column":73}},"loc":{"start":{"line":873,"column":73},"end":{"line":873,"column":91}},"line":873},"111":{"name":"(anonymous_111)","decl":{"start":{"line":874,"column":73},"end":{"line":874,"column":79}},"loc":{"start":{"line":874,"column":79},"end":{"line":874,"column":100}},"line":874},"112":{"name":"(anonymous_112)","decl":{"start":{"line":875,"column":54},"end":{"line":875,"column":60}},"loc":{"start":{"line":875,"column":60},"end":{"line":875,"column":75}},"line":875},"113":{"name":"(anonymous_113)","decl":{"start":{"line":895,"column":67},"end":{"line":895,"column":73}},"loc":{"start":{"line":895,"column":73},"end":{"line":895,"column":91}},"line":895},"114":{"name":"(anonymous_114)","decl":{"start":{"line":896,"column":73},"end":{"line":896,"column":79}},"loc":{"start":{"line":896,"column":79},"end":{"line":896,"column":100}},"line":896},"115":{"name":"(anonymous_115)","decl":{"start":{"line":897,"column":54},"end":{"line":897,"column":60}},"loc":{"start":{"line":897,"column":60},"end":{"line":897,"column":75}},"line":897},"116":{"name":"(anonymous_116)","decl":{"start":{"line":912,"column":67},"end":{"line":912,"column":73}},"loc":{"start":{"line":912,"column":73},"end":{"line":912,"column":91}},"line":912},"117":{"name":"(anonymous_117)","decl":{"start":{"line":913,"column":63},"end":{"line":913,"column":69}},"loc":{"start":{"line":913,"column":69},"end":{"line":913,"column":90}},"line":913},"118":{"name":"(anonymous_118)","decl":{"start":{"line":914,"column":54},"end":{"line":914,"column":60}},"loc":{"start":{"line":914,"column":60},"end":{"line":914,"column":75}},"line":914},"119":{"name":"(anonymous_119)","decl":{"start":{"line":915,"column":61},"end":{"line":915,"column":67}},"loc":{"start":{"line":915,"column":67},"end":{"line":915,"column":79}},"line":915},"120":{"name":"(anonymous_120)","decl":{"start":{"line":929,"column":67},"end":{"line":929,"column":73}},"loc":{"start":{"line":929,"column":73},"end":{"line":929,"column":89}},"line":929},"121":{"name":"(anonymous_121)","decl":{"start":{"line":936,"column":67},"end":{"line":936,"column":73}},"loc":{"start":{"line":936,"column":73},"end":{"line":936,"column":89}},"line":936},"122":{"name":"(anonymous_122)","decl":{"start":{"line":943,"column":3},"end":{"line":943,"column":4}},"loc":{"start":{"line":943,"column":15},"end":{"line":945,"column":2}},"line":943},"123":{"name":"(anonymous_123)","decl":{"start":{"line":949,"column":54},"end":{"line":949,"column":60}},"loc":{"start":{"line":949,"column":60},"end":{"line":949,"column":75}},"line":949},"124":{"name":"(anonymous_124)","decl":{"start":{"line":964,"column":54},"end":{"line":964,"column":60}},"loc":{"start":{"line":964,"column":60},"end":{"line":964,"column":75}},"line":964},"125":{"name":"(anonymous_125)","decl":{"start":{"line":965,"column":48},"end":{"line":965,"column":54}},"loc":{"start":{"line":965,"column":54},"end":{"line":965,"column":72}},"line":965},"126":{"name":"(anonymous_126)","decl":{"start":{"line":968,"column":63},"end":{"line":968,"column":69}},"loc":{"start":{"line":968,"column":69},"end":{"line":968,"column":79}},"line":968},"127":{"name":"(anonymous_127)","decl":{"start":{"line":988,"column":54},"end":{"line":988,"column":60}},"loc":{"start":{"line":988,"column":60},"end":{"line":988,"column":75}},"line":988},"128":{"name":"(anonymous_128)","decl":{"start":{"line":994,"column":63},"end":{"line":994,"column":69}},"loc":{"start":{"line":994,"column":69},"end":{"line":994,"column":79}},"line":994},"129":{"name":"(anonymous_129)","decl":{"start":{"line":1006,"column":54},"end":{"line":1006,"column":60}},"loc":{"start":{"line":1006,"column":60},"end":{"line":1006,"column":75}},"line":1006},"130":{"name":"(anonymous_130)","decl":{"start":{"line":1007,"column":63},"end":{"line":1007,"column":69}},"loc":{"start":{"line":1007,"column":69},"end":{"line":1007,"column":79}},"line":1007},"131":{"name":"(anonymous_131)","decl":{"start":{"line":1020,"column":67},"end":{"line":1020,"column":73}},"loc":{"start":{"line":1020,"column":73},"end":{"line":1020,"column":88}},"line":1020},"132":{"name":"(anonymous_132)","decl":{"start":{"line":1021,"column":64},"end":{"line":1021,"column":70}},"loc":{"start":{"line":1021,"column":70},"end":{"line":1021,"column":85}},"line":1021},"133":{"name":"(anonymous_133)","decl":{"start":{"line":1022,"column":54},"end":{"line":1022,"column":60}},"loc":{"start":{"line":1022,"column":60},"end":{"line":1022,"column":70}},"line":1022},"134":{"name":"(anonymous_134)","decl":{"start":{"line":1030,"column":3},"end":{"line":1030,"column":4}},"loc":{"start":{"line":1030,"column":15},"end":{"line":1032,"column":2}},"line":1030},"135":{"name":"(anonymous_135)","decl":{"start":{"line":1036,"column":54},"end":{"line":1036,"column":60}},"loc":{"start":{"line":1036,"column":60},"end":{"line":1036,"column":75}},"line":1036},"136":{"name":"(anonymous_136)","decl":{"start":{"line":1055,"column":59},"end":{"line":1055,"column":65}},"loc":{"start":{"line":1055,"column":65},"end":{"line":1055,"column":77}},"line":1055},"137":{"name":"(anonymous_137)","decl":{"start":{"line":1065,"column":54},"end":{"line":1065,"column":60}},"loc":{"start":{"line":1065,"column":60},"end":{"line":1065,"column":75}},"line":1065},"138":{"name":"(anonymous_138)","decl":{"start":{"line":1076,"column":61},"end":{"line":1076,"column":67}},"loc":{"start":{"line":1076,"column":67},"end":{"line":1076,"column":80}},"line":1076},"139":{"name":"(anonymous_139)","decl":{"start":{"line":1077,"column":64},"end":{"line":1077,"column":70}},"loc":{"start":{"line":1077,"column":70},"end":{"line":1077,"column":85}},"line":1077},"140":{"name":"(anonymous_140)","decl":{"start":{"line":1080,"column":3},"end":{"line":1080,"column":4}},"loc":{"start":{"line":1080,"column":15},"end":{"line":1082,"column":2}},"line":1080},"141":{"name":"(anonymous_141)","decl":{"start":{"line":1088,"column":64},"end":{"line":1088,"column":70}},"loc":{"start":{"line":1088,"column":70},"end":{"line":1088,"column":85}},"line":1088},"142":{"name
[...]
:1992:Infinity":496,"s:1993:13:1993:Infinity":497,"s:2093:13:2093:Infinity":498,"s:2095:13:2108:Infinity":499,"f:2097:64:2097:70":223,"s:2097:70:2097:85":500,"f:2103:61:2103:67":224,"s:2103:67:2103:85":501,"s:2109:13:2109:Infinity":502,"s:2113:13:2128:Infinity":503,"f:2115:64:2115:70":225,"s:2115:70:2115:85":504,"f:2116:54:2116:60":226,"s:2116:60:2116:70":505,"f:2117:50:2117:56":227,"s:2117:56:2117:64":506,"s:2129:13:2129:Infinity":507,"s:2134:13:2134:Infinity":508,"s:2135:13:2135:Infinity":509,"s:2137:13:2151:Infinity":510,"f:2139:64:2139:70":228,"s:2139:70:2139:85":511,"s:2152:13:2152:Infinity":512,"s:2216:13:2216:Infinity":513,"s:2218:13:2230:Infinity":514,"f:2220:64:2220:70":229,"s:2220:70:2220:85":515,"s:2231:13:2231:Infinity":516,"s:2235:13:2250:Infinity":517,"f:2237:54:2237:60":230,"s:2237:60:2237:83":518,"f:2238:64:2238:70":231,"s:2238:70:2238:85":519,"f:2245:70:2245:76":232,"s:2245:76:2245:97":520,"s:2251:13:2251:Infinity":521,"s:2256:13:2256:Infinity":522,"s:2257:13:2257:Infinity":523,"s:2259:13:2274:Infinity":524,"f:2261:64:2261:70":233,"s:2261:70:2261:85":525,"s:2275:13:2275:Infinity":526,"s:2280:13:2280:Infinity":527,"s:2282:13:2297:Infinity":528,"f:2284:64:2284:70":234,"s:2284:70:2284:85":529,"f:2289:44:2289:50":235,"s:2289:50:2289:73":530,"s:2298:13:2298:Infinity":531,"s:2303:13:2303:Infinity":532,"s:2305:13:2325:Infinity":533,"f:2307:64:2307:70":236,"s:2307:70:2307:85":534,"f:2308:50:2308:56":237,"s:2308:56:2308:64":535,"f:2309:54:2309:60":238,"s:2309:60:2309:70":536,"s:2326:13:2326:Infinity":537,"s:2332:13:2332:Infinity":538,"s:2333:13:2333:Infinity":539,"s:2334:13:2334:Infinity":540,"s:2335:13:2335:Infinity":541,"s:2337:13:2362:Infinity":542,"f:2339:64:2339:70":239,"s:2339:70:2339:85":543,"f:2340:46:2340:52":240,"s:2340:52:2340:73":544,"s:2363:13:2363:Infinity":545,"s:2368:13:2381:Infinity":546,"f:2370:58:2370:64":241,"s:2370:64:2370:76":547,"f:2377:68:2377:74":242,"s:2377:74:2377:84":548,"s:2382:13:2382:Infinity":549,"s:2387:13:2387:Infinity":550,"s:2388:13:2401:Infinity":551,"f:2390:58:2390:64":243,"s:2390:64:2390:76":552,"f:2392:44:2392:50":244,"s:2392:50:2392:60":553,"f:2393:40:2393:46":245,"s:2393:46:2393:54":554,"f:2398:3:2398:4":246,"s:2398:15:2401:2":555,"s:2402:13:2402:Infinity":556,"s:2407:13:2423:Infinity":557,"f:2409:58:2409:64":247,"s:2409:64:2409:76":558,"f:2410:65:2410:71":248,"s:2410:71:2410:94":559,"f:2411:44:2411:50":249,"s:2411:50:2411:60":560,"f:2412:40:2412:46":250,"s:2412:46:2412:54":561,"f:2417:62:2417:68":251,"s:2417:68:2417:78":562,"f:2418:58:2418:64":252,"s:2418:64:2418:72":563,"f:2421:3:2421:4":253,"s:2421:15:2423:2":564,"s:2424:13:2424:Infinity":565,"s:2429:13:2441:Infinity":566,"f:2431:58:2431:64":254,"s:2431:64:2431:76":567,"f:2432:65:2432:71":255,"s:2432:71:2432:81":568,"f:2433:51:2433:57":256,"s:2433:57:2433:65":569,"f:2434:65:2434:71":257,"s:2434:71:2434:81":570,"f:2439:3:2439:4":258,"s:2439:15:2441:2":571,"s:2442:13:2442:Infinity":572,"s:2447:13:2456:Infinity":573,"f:2449:58:2449:64":259,"s:2449:64:2449:76":574,"f:2450:55:2450:61":260,"s:2450:61:2450:71":575,"f:2451:51:2451:57":261,"s:2451:57:2451:65":576,"s:2457:13:2457:Infinity":577,"s:2465:13:2474:Infinity":578,"f:2467:54:2467:60":262,"s:2467:60:2467:75":579,"s:2480:13:2480:Infinity":580,"s:2482:13:2496:Infinity":581,"f:2484:54:2484:60":263,"s:2484:60:2484:70":582,"f:2485:64:2485:70":264,"s:2485:70:2485:85":583,"f:2494:3:2494:4":265,"s:2494:15:2496:2":584,"s:2498:13:2498:Infinity":585,"s:2502:13:2511:Infinity":586,"f:2504:54:2504:60":266,"s:2504:60:2504:70":587,"s:2515:13:2515:Infinity":588,"s:2517:13:2529:Infinity":589,"f:2519:61:2519:67":267,"s:2519:67:2519:80":590,"f:2520:54:2520:60":268,"s:2520:60:2520:70":591,"f:2521:64:2521:70":269,"s:2521:70:2521:85":592,"s:2535:13:2540:Infinity":593,"s:2545:13:2547:Infinity":594,"s:2551:13:2553:Infinity":595,"s:2555:13:2573:Infinity":596,"f:2557:64:2557:70":270,"s:2557:70:2557:85":597,"f:2571:3:2571:4":271,"s:2571:15:2573:2":598,"s:2577:13:2577:Infinity":599,"s:2579:13:2591:Infinity":600,"f:2589:3:2589:4":272,"s:2589:15:2591:2":601,"s:2599:13:2599:Infinity":602,"s:2600:13:2600:Infinity":603,"s:2601:13:2601:Infinity":604,"s:2602:13:2602:Infinity":605,"s:2603:13:2603:Infinity":606,"s:2604:13:2604:Infinity":607,"s:2605:13:2605:Infinity":608,"s:2608:13:2627:Infinity":609,"f:2610:64:2610:70":273,"s:2610:70:2610:85":610,"f:2624:3:2624:4":274,"s:2624:15:2627:2":611,"s:2630:13:2630:Infinity":612,"s:2633:13:2645:Infinity":613,"f:2635:64:2635:70":275,"s:2635:70:2635:85":614,"s:2648:13:2648:Infinity":615,"s:2651:13:2662:Infinity":616,"f:2653:64:2653:70":276,"s:2653:70:2653:85":617,"s:2665:13:2665:Infinity":618,"s:2668:13:2677:Infinity":619,"f:2670:64:2670:70":277,"s:2670:70:2670:85":620,"s:2680:13:2680:Infinity":621,"s:2683:13:2695:Infinity":622,"f:2685:52:2685:58":278,"s:2685:58:2685:73":623,"f:2686:64:2686:70":279,"s:2686:70:2686:85":624,"f:2689:61:2689:67":280,"s:2689:67:2689:79":625,"f:2690:53:2690:59":281,"s:2690:59:2690:67":626,"s:2698:13:2698:Infinity":627,"s:2701:13:2721:Infinity":628,"f:2703:64:2703:70":282,"s:2703:70:2703:85":629,"f:2704:47:2704:53":283,"s:2704:53:2704:67":630,"f:2705:52:2705:58":284,"s:2705:58:2705:73":631,"f:2706:79:2706:85":285,"s:2706:85:2706:100":632,"s:2724:13:2724:Infinity":633,"s:2728:13:2742:Infinity":634,"f:2730:64:2730:70":286,"s:2730:70:2730:85":635,"s:2745:13:2745:Infinity":636,"s:2747:13:2747:Infinity":637,"s:2749:13:2762:Infinity":638,"f:2751:56:2751:62":287,"s:2751:62:2751:74":639,"f:2752:64:2752:70":288,"s:2752:70:2752:85":640,"f:2753:54:2753:60":289,"s:2753:60:2753:70":641,"f:2758:48:2758:54":290,"s:2758:54:2758:64":642,"s:2765:13:2765:Infinity":643,"s:2767:13:2776:Infinity":644,"f:2769:56:2769:62":291,"s:2769:62:2769:74":645,"f:2770:64:2770:70":292,"s:2770:70:2770:85":646,"s:2779:13:2779:Infinity":647,"s:2783:13:2785:Infinity":648,"s:2787:13:2789:Infinity":649,"s:2791:13:2793:Infinity":650,"s:2795:13:2818:Infinity":651,"f:2816:3:2816:4":293,"s:2816:15:2818:2":652,"s:2822:13:2822:Infinity":653,"s:2824:13:2826:Infinity":654,"s:2828:13:2838:Infinity":655,"f:2831:54:2831:60":294,"s:2831:60:2831:75":656,"s:2842:13:2842:Infinity":657,"s:2844:13:2846:Infinity":658,"s:2848:13:2850:Infinity":659,"s:2852:13:2865:Infinity":660,"f:2854:71:2854:77":295,"s:2854:77:2854:95":661,"f:2855:55:2855:61":296,"s:2855:61:2855:75":662,"s:2869:13:2869:Infinity":663,"s:2871:13:2882:Infinity":664,"f:2873:81:2873:87":297,"s:2873:87:2873:110":665,"f:2874:54:2874:60":298,"s:2874:60:2874:75":666,"s:2886:13:2886:Infinity":667,"s:2888:13:2890:Infinity":668,"s:2892:13:2905:Infinity":669,"f:2899:72:2899:78":299,"s:2899:78:2899:92":670,"s:2909:13:2911:Infinity":671,"s:2913:13:2915:Infinity":672,"s:2917:13:2917:Infinity":673,"s:2919:13:2953:Infinity":674,"f:2921:64:2921:70":300,"s:2921:70:2921:85":675,"f:2922:50:2922:56":301,"s:2922:56:2922:64":676,"f:2923:54:2923:60":302,"s:2923:60:2923:70":677,"f:2924:61:2924:67":303,"s:2924:67:2924:85":678,"f:2941:59:2941:65":304,"s:2941:65:2941:87":679,"f:2942:67:2942:73":305,"s:2942:73:2942:94":680,"f:2951:3:2951:4":306,"s:2951:15:2953:2":681,"s:2957:13:2957:Infinity":682,"s:2961:13:2972:Infinity":683,"f:2963:54:2963:60":307,"s:2963:60:2963:75":684,"s:2975:13:2975:Infinity":685,"s:2977:13:2979:Infinity":686,"s:2981:13:2983:Infinity":687,"s:2985:13:3004:Infinity":688,"f:2987:64:2987:70":308,"s:2987:70:2987:85":689,"f:2988:54:2988:60":309,"s:2988:60:2988:70":690,"f:2989:50:2989:56":310,"s:2989:56:2989:64":691,"f:2993:52:2993:58":311,"s:2993:58:2993:83":692,"f:2994:53:2994:59":312,"s:2994:59:2994:73":693,"f:3000:3:3000:4":313,"s:3000:15:3004:2":694,"s:3007:13:3007:Infinity":695}}}
,"/home/runner/workspace/tests/utils/auth-helpers.ts": {"path":"/home/runner/workspace/tests/utils/auth-helpers.ts","statementMap":{"0":{"start":{"line":14,"column":44},"end":{"line":21,"column":null}},"1":{"start":{"line":66,"column":2},"end":{"line":76,"column":null}},"2":{"start":{"line":89,"column":2},"end":{"line":100,"column":null}},"3":{"start":{"line":107,"column":2},"end":{"line":107,"column":null}}},"fnMap":{"0":{"name":"mockAdminSession","decl":{"start":{"line":58,"column":16},"end":{"line":58,"column":null}},"loc":{"start":{"line":65,"column":20},"end":{"line":77,"column":null}},"line":65},"1":{"name":"mockPortalSession","decl":{"start":{"line":82,"column":16},"end":{"line":82,"column":null}},"loc":{"start":{"line":88,"column":21},"end":{"line":101,"column":null}},"line":88},"2":{"name":"mockUnauthenticated","decl":{"start":{"line":106,"column":16},"end":{"line":106,"column":66}},"loc":{"start":{"line":106,"column":66},"end":{"line":108,"column":null}},"line":106}},"branchMap":{"0":{"loc":{"start":{"line":70,"column":13},"end":{"line":70,"column":null}},"type":"binary-expr","locations":[{"start":{"line":70,"column":13},"end":{"line":70,"column":31}},{"start":{"line":70,"column":31},"end":{"line":70,"column":null}}],"line":70},"1":{"loc":{"start":{"line":74,"column":20},"end":{"line":74,"column":null}},"type":"binary-expr","locations":[{"start":{"line":74,"column":20},"end":{"line":74,"column":47}},{"start":{"line":74,"column":47},"end":{"line":74,"column":null}}],"line":74},"2":{"loc":{"start":{"line":75,"column":25},"end":{"line":75,"column":null}},"type":"binary-expr","locations":[{"start":{"line":75,"column":25},"end":{"line":75,"column":57}},{"start":{"line":75,"column":57},"end":{"line":75,"column":null}}],"line":75},"3":{"loc":{"start":{"line":83,"column":2},"end":{"line":83,"column":null}},"type":"default-arg","locations":[{"start":{"line":83,"column":23},"end":{"line":83,"column":null}}],"line":83},"4":{"loc":{"start":{"line":95,"column":21},"end":{"line":95,"column":null}},"type":"binary-expr","locations":[{"start":{"line":95,"column":21},"end":{"line":95,"column":47}},{"start":{"line":95,"column":47},"end":{"line":95,"column":null}}],"line":95},"5":{"loc":{"start":{"line":98,"column":22},"end":{"line":98,"column":null}},"type":"binary-expr","locations":[{"start":{"line":98,"column":22},"end":{"line":98,"column":49}},{"start":{"line":98,"column":49},"end":{"line":98,"column":null}}],"line":98}},"s":{"0":1,"1":6,"2":1,"3":1},"f":{"0":6,"1":1,"2":1},"b":{"0":[6,6],"1":[6,6],"2":[6,6],"3":[1],"4":[1,1],"5":[1,1]},"meta":{"lastBranch":6,"lastFunction":3,"lastStatement":4,"seen":{"s:14:44:21:Infinity":0,"f:58:16:58:Infinity":0,"s:66:2:76:Infinity":1,"b:70:13:70:31:70:31:70:Infinity":0,"b:74:20:74:47:74:47:74:Infinity":1,"b:75:25:75:57:75:57:75:Infinity":2,"f:82:16:82:Infinity":1,"b:83:23:83:Infinity":3,"s:89:2:100:Infinity":2,"b:95:21:95:47:95:47:95:Infinity":4,"b:98:22:98:49:98:49:98:Infinity":5,"f:106:16:106:66":2,"s:107:2:107:Infinity":3}}}
,"/home/runner/workspace/tests/utils/route-guard-helpers.ts": {"path":"/home/runner/workspace/tests/utils/route-guard-helpers.ts","statementMap":{"0":{"start":{"line":25,"column":23},"end":{"line":25,"column":null}},"1":{"start":{"line":26,"column":2},"end":{"line":28,"column":null}},"2":{"start":{"line":27,"column":4},"end":{"line":27,"column":null}},"3":{"start":{"line":29,"column":2},"end":{"line":33,"column":null}},"4":{"start":{"line":30,"column":4},"end":{"line":32,"column":null}},"5":{"start":{"line":44,"column":23},"end":{"line":44,"column":null}},"6":{"start":{"line":45,"column":2},"end":{"line":47,"column":null}},"7":{"start":{"line":46,"column":4},"end":{"line":46,"column":null}},"8":{"start":{"line":48,"column":2},"end":{"line":52,"column":null}},"9":{"start":{"line":49,"column":4},"end":{"line":51,"column":null}},"10":{"start":{"line":60,"column":2},"end":{"line":64,"column":null}},"11":{"start":{"line":61,"column":4},"end":{"line":63,"column":null}},"12":{"start":{"line":71,"column":2},"end":{"line":75,"column":null}},"13":{"start":{"line":72,"column":4},"end":{"line":74,"column":null}},"14":{"start":{"line":90,"column":21},"end":{"line":90,"column":null}},"15":{"start":{"line":91,"column":31},"end":{"line":91,"column":null}},"16":{"start":{"line":93,"column":18},"end":{"line":93,"column":null}},"17":{"start":{"line":97,"column":2},"end":{"line":97,"column":null}}},"fnMap":{"0":{"name":"assertRouteAllowed","decl":{"start":{"line":20,"column":16},"end":{"line":20,"column":null}},"loc":{"start":{"line":24,"column":8},"end":{"line":34,"column":null}},"line":24},"1":{"name":"assertRouteBlocked","decl":{"start":{"line":39,"column":16},"end":{"line":39,"column":null}},"loc":{"start":{"line":43,"column":8},"end":{"line":53,"column":null}},"line":43},"2":{"name":"assertWipRouteAllowed","decl":{"start":{"line":59,"column":16},"end":{"line":59,"column":38}},"loc":{"start":{"line":59,"column":76},"end":{"line":65,"column":null}},"line":59},"3":{"name":"assertWipRouteBlocked","decl":{"start":{"line":70,"column":16},"end":{"line":70,"column":38}},"loc":{"start":{"line":70,"column":76},"end":{"line":76,"column":null}},"line":70},"4":{"name":"renderWithAuth","decl":{"start":{"line":86,"column":22},"end":{"line":86,"column":null}},"loc":{"start":{"line":89,"column":2},"end":{"line":98,"column":null}},"line":89}},"branchMap":{"0":{"loc":{"start":{"line":26,"column":2},"end":{"line":28,"column":null}},"type":"if","locations":[{"start":{"line":26,"column":2},"end":{"line":28,"column":null}},{"start":{},"end":{}}],"line":26},"1":{"loc":{"start":{"line":29,"column":2},"end":{"line":33,"column":null}},"type":"if","locations":[{"start":{"line":29,"column":2},"end":{"line":33,"column":null}},{"start":{},"end":{}}],"line":29},"2":{"loc":{"start":{"line":45,"column":2},"end":{"line":47,"column":null}},"type":"if","locations":[{"start":{"line":45,"column":2},"end":{"line":47,"column":null}},{"start":{},"end":{}}],"line":45},"3":{"loc":{"start":{"line":48,"column":2},"end":{"line":52,"column":null}},"type":"if","locations":[{"start":{"line":48,"column":2},"end":{"line":52,"column":null}},{"start":{},"end":{}}],"line":48},"4":{"loc":{"start":{"line":60,"column":2},"end":{"line":64,"column":null}},"type":"if","locations":[{"start":{"line":60,"column":2},"end":{"line":64,"column":null}},{"start":{},"end":{}}],"line":60},"5":{"loc":{"start":{"line":71,"column":2},"end":{"line":75,"column":null}},"type":"if","locations":[{"start":{"line":71,"column":2},"end":{"line":75,"column":null}},{"start":{},"end":{}}],"line":71}},"s":{"0":1,"1":1,"2":0,"3":1,"4":0,"5":1,"6":1,"7":0,"8":1,"9":0,"10":0,"11":0,"12":0,"13":0,"14":0,"15":0,"16":0,"17":0},"f":{"0":1,"1":1,"2":0,"3":0,"4":0},"b":{"0":[0,1],"1":[0,1],"2":[0,1],"3":[0,1],"4":[0,0],"5":[0,0]},"meta":{"lastBranch":6,"lastFunction":5,"lastStatement":18,"seen":{"f:20:16:20:Infinity":0,"s:25:23:25:Infinity":0,"b:26:2:28:Infinity:undefined:undefined:undefined:undefined":0,"s:26:2:28:Infinity":1,"s:27:4:27:Infinity":2,"b:29:2:33:Infinity:undefined:undefined:undefined:undefined":1,"s:29:2:33:Infinity":3,"s:30:4:32:Infinity":4,"f:39:16:39:Infinity":1,"s:44:23:44:Infinity":5,"b:45:2:47:Infinity:undefined:undefined:undefined:undefined":2,"s:45:2:47:Infinity":6,"s:46:4:46:Infinity":7,"b:48:2:52:Infinity:undefined:undefined:undefined:undefined":3,"s:48:2:52:Infinity":8,"s:49:4:51:Infinity":9,"f:59:16:59:38":2,"b:60:2:64:Infinity:undefined:undefined:undefined:undefined":4,"s:60:2:64:Infinity":10,"s:61:4:63:Infinity":11,"f:70:16:70:38":3,"b:71:2:75:Infinity:undefined:undefined:undefined:undefined":5,"s:71:2:75:Infinity":12,"s:72:4:74:Infinity":13,"f:86:22:86:Infinity":4,"s:90:21:90:Infinity":14,"s:91:31:91:Infinity":15,"s:93:18:93:Infinity":16,"s:97:2:97:Infinity":17}}}
,"/home/runner/workspace/tests/utils/sidebar-helpers.ts": {"path":"/home/runner/workspace/tests/utils/sidebar-helpers.ts","statementMap":{"0":{"start":{"line":19,"column":33},"end":{"line":48,"column":null}},"1":{"start":{"line":60,"column":72},"end":{"line":67,"column":null}},"2":{"start":{"line":61,"column":46},"end":{"line":61,"column":129}},"3":{"start":{"line":62,"column":52},"end":{"line":62,"column":158}},"4":{"start":{"line":64,"column":51},"end":{"line":64,"column":133}},"5":{"start":{"line":65,"column":45},"end":{"line":65,"column":128}},"6":{"start":{"line":73,"column":18},"end":{"line":73,"column":null}},"7":{"start":{"line":74,"column":2},"end":{"line":78,"column":null}},"8":{"start":{"line":75,"column":4},"end":{"line":77,"column":null}},"9":{"start":{"line":85,"column":18},"end":{"line":85,"column":null}},"10":{"start":{"line":86,"column":2},"end":{"line":90,"column":null}},"11":{"start":{"line":87,"column":4},"end":{"line":89,"column":null}},"12":{"start":{"line":97,"column":2},"end":{"line":97,"column":null}},"13":{"start":{"line":110,"column":2},"end":{"line":110,"column":null}}},"fnMap":{"0":{"name":"(anonymous_0)","decl":{"start":{"line":61,"column":38},"end":{"line":61,"column":46}},"loc":{"start":{"line":61,"column":46},"end":{"line":61,"column":129}},"line":61},"1":{"name":"(anonymous_1)","decl":{"start":{"line":62,"column":44},"end":{"line":62,"column":52}},"loc":{"start":{"line":62,"column":52},"end":{"line":62,"column":158}},"line":62},"2":{"name":"(anonymous_2)","decl":{"start":{"line":64,"column":43},"end":{"line":64,"column":51}},"loc":{"start":{"line":64,"column":51},"end":{"line":64,"column":133}},"line":64},"3":{"name":"(anonymous_3)","decl":{"start":{"line":65,"column":37},"end":{"line":65,"column":45}},"loc":{"start":{"line":65,"column":45},"end":{"line":65,"column":128}},"line":65},"4":{"name":"assertNavItemVisible","decl":{"start":{"line":72,"column":16},"end":{"line":72,"column":37}},"loc":{"start":{"line":72,"column":75},"end":{"line":79,"column":null}},"line":72},"5":{"name":"assertNavItemHidden","decl":{"start":{"line":84,"column":16},"end":{"line":84,"column":36}},"loc":{"start":{"line":84,"column":74},"end":{"line":91,"column":null}},"line":84},"6":{"name":"getVisibleNavItems","decl":{"start":{"line":96,"column":16},"end":{"line":96,"column":35}},"loc":{"start":{"line":96,"column":71},"end":{"line":98,"column":null}},"line":96},"7":{"name":"renderSidebar","decl":{"start":{"line":106,"column":16},"end":{"line":106,"column":30}},"loc":{"start":{"line":106,"column":66},"end":{"line":111,"column":null}},"line":106}},"branchMap":{"0":{"loc":{"start":{"line":61,"column":46},"end":{"line":61,"column":129}},"type":"binary-expr","locations":[{"start":{"line":61,"column":46},"end":{"line":61,"column":78}},{"start":{"line":61,"column":78},"end":{"line":61,"column":106}},{"start":{"line":61,"column":106},"end":{"line":61,"column":129}}],"line":61},"1":{"loc":{"start":{"line":65,"column":45},"end":{"line":65,"column":128}},"type":"binary-expr","locations":[{"start":{"line":65,"column":45},"end":{"line":65,"column":77}},{"start":{"line":65,"column":77},"end":{"line":65,"column":105}},{"start":{"line":65,"column":105},"end":{"line":65,"column":128}}],"line":65},"2":{"loc":{"start":{"line":74,"column":2},"end":{"line":78,"column":null}},"type":"if","locations":[{"start":{"line":74,"column":2},"end":{"line":78,"column":null}},{"start":{},"end":{}}],"line":74},"3":{"loc":{"start":{"line":86,"column":2},"end":{"line":90,"column":null}},"type":"if","locations":[{"start":{"line":86,"column":2},"end":{"line":90,"column":null}},{"start":{},"end":{}}],"line":86}},"s":{"0":1,"1":1,"2":28,"3":28,"4":28,"5":28,"6":2,"7":2,"8":0,"9":2,"10":2,"11":0,"12":1,"13":0},"f":{"0":28,"1":28,"2":28,"3":28,"4":2,"5":2,"6":1,"7":0},"b":{"0":[28,27,26],"1":[28,27,26],"2":[0,2],"3":[0,2]},"meta":{"lastBranch":4,"lastFunction":8,"lastStatement":14,"seen":{"s:19:33:48:Infinity":0,"s:60:72:67:Infinity":1,"f:61:38:61:46":0,"s:61:46:61:129":2,"b:61:46:61:78:61:78:61:106:61:106:61:129":0,"f:62:44:62:52":1,"s:62:52:62:158":3,"f:64:43:64:51":2,"s:64:51:64:133":4,"f:65:37:65:45":3,"s:65:45:65:128":5,"b:65:45:65:77:65:77:65:105:65:105:65:128":1,"f:72:16:72:37":4,"s:73:18:73:Infinity":6,"b:74:2:78:Infinity:undefined:undefined:undefined:undefined":2,"s:74:2:78:Infinity":7,"s:75:4:77:Infinity":8,"f:84:16:84:36":5,"s:85:18:85:Infinity":9,"b:86:2:90:Infinity:undefined:undefined:undefined:undefined":3,"s:86:2:90:Infinity":10,"s:87:4:89:Infinity":11,"f:96:16:96:35":6,"s:97:2:97:Infinity":12,"f:106:16:106:30":7,"s:110:2:110:Infinity":13}}}
}
